CRITICAL - 2021-07-03 10:49:12 --> Use of undefined constant base_url - assumed 'base_url' (this will throw an Error in a future version of PHP)
#0 C:\xampp\htdocs\belajar\app\Views\home.php(14): CodeIgniter\Debug\Exceptions->errorHandler(2, 'Use of undefine...', 'C:\\xampp\\htdocs...', 14, Array)
#1 C:\xampp\htdocs\belajar\system\View\View.php(230): include('C:\\xampp\\htdocs...')
#2 C:\xampp\htdocs\belajar\system\View\View.php(232): CodeIgniter\View\View->CodeIgniter\View\{closure}()
#3 C:\xampp\htdocs\belajar\system\Common.php(1271): CodeIgniter\View\View->render('home', Array, true)
#4 C:\xampp\htdocs\belajar\app\Controllers\Home.php(9): view('home')
#5 C:\xampp\htdocs\belajar\system\CodeIgniter.php(928): App\Controllers\Home->index()
#6 C:\xampp\htdocs\belajar\system\CodeIgniter.php(436): CodeIgniter\CodeIgniter->runController(Object(App\Controllers\Home))
#7 C:\xampp\htdocs\belajar\system\CodeIgniter.php(336): CodeIgniter\CodeIgniter->handleRequest(NULL, Object(Config\Cache), false)
#8 C:\xampp\htdocs\belajar\public\index.php(37): CodeIgniter\CodeIgniter->run()
#9 C:\xampp\htdocs\belajar\system\Commands\Server\rewrite.php(45): require_once('C:\\xampp\\htdocs...')
#10 {main}
ERROR - 2021-07-03 11:59:19 --> Column 'id' in field list is ambiguous
CRITICAL - 2021-07-03 11:59:19 --> Column 'id' in field list is ambiguous
#0 C:\xampp\htdocs\belajar\system\Database\MySQLi\Connection.php(329): mysqli->query('SELECT `id`\nFRO...')
#1 C:\xampp\htdocs\belajar\system\Database\BaseConnection.php(732): CodeIgniter\Database\MySQLi\Connection->execute('SELECT `id`\nFRO...')
#2 C:\xampp\htdocs\belajar\system\Database\BaseConnection.php(647): CodeIgniter\Database\BaseConnection->simpleQuery('SELECT `id`\nFRO...')
#3 C:\xampp\htdocs\belajar\system\Database\BaseBuilder.php(1881): CodeIgniter\Database\BaseConnection->query('SELECT `id`\nFRO...', Array, false)
#4 C:\xampp\htdocs\belajar\system\Model.php(800): CodeIgniter\Database\BaseBuilder->get()
#5 C:\xampp\htdocs\belajar\app\Models\Mahasiswa_model.php(22): CodeIgniter\Model->__call('get', Array)
#6 C:\xampp\htdocs\belajar\app\Controllers\Home.php(19): App\Models\Mahasiswa_model->getMhs()
#7 C:\xampp\htdocs\belajar\system\CodeIgniter.php(928): App\Controllers\Home->index()
#8 C:\xampp\htdocs\belajar\system\CodeIgniter.php(436): CodeIgniter\CodeIgniter->runController(Object(App\Controllers\Home))
#9 C:\xampp\htdocs\belajar\system\CodeIgniter.php(336): CodeIgniter\CodeIgniter->handleRequest(NULL, Object(Config\Cache), false)
#10 C:\xampp\htdocs\belajar\public\index.php(37): CodeIgniter\CodeIgniter->run()
#11 C:\xampp\htdocs\belajar\system\Commands\Server\rewrite.php(45): require_once('C:\\xampp\\htdocs...')
#12 {main}
ERROR - 2021-07-03 22:11:45 --> Error connecting to the database: No connection could be made because the target machine actively refused it.

CRITICAL - 2021-07-03 22:11:45 --> Unable to connect to the database.
Main connection [MySQLi]: No connection could be made because the target machine actively refused it.

#0 C:\xampp\htdocs\belajar_ujikom\system\Database\BaseConnection.php(625): CodeIgniter\Database\BaseConnection->initialize()
#1 C:\xampp\htdocs\belajar_ujikom\system\Database\BaseBuilder.php(1881): CodeIgniter\Database\BaseConnection->query('SELECT `tb_maha...', Array, false)
#2 C:\xampp\htdocs\belajar_ujikom\system\Model.php(800): CodeIgniter\Database\BaseBuilder->get()
#3 C:\xampp\htdocs\belajar_ujikom\app\Models\Mahasiswa_model.php(22): CodeIgniter\Model->__call('get', Array)
#4 C:\xampp\htdocs\belajar_ujikom\app\Controllers\Home.php(19): App\Models\Mahasiswa_model->getMhs()
#5 C:\xampp\htdocs\belajar_ujikom\system\CodeIgniter.php(928): App\Controllers\Home->index()
#6 C:\xampp\htdocs\belajar_ujikom\system\CodeIgniter.php(436): CodeIgniter\CodeIgniter->runController(Object(App\Controllers\Home))
#7 C:\xampp\htdocs\belajar_ujikom\system\CodeIgniter.php(336): CodeIgniter\CodeIgniter->handleRequest(NULL, Object(Config\Cache), false)
#8 C:\xampp\htdocs\belajar_ujikom\public\index.php(37): CodeIgniter\CodeIgniter->run()
#9 C:\xampp\htdocs\belajar_ujikom\system\Commands\Server\rewrite.php(45): require_once('C:\\xampp\\htdocs...')
#10 {main}
CRITICAL - 2021-07-03 22:11:45 --> Uncaught ErrorException: print_r(): Property access is not allowed yet in C:\xampp\htdocs\belajar_ujikom\app\Views\errors\html\error_exception.php:99
Stack trace:
#0 [internal function]: CodeIgniter\Debug\Exceptions->errorHandler(2, 'print_r(): Prop...', 'C:\\xampp\\htdocs...', 99, Array)
#1 C:\xampp\htdocs\belajar_ujikom\app\Views\errors\html\error_exception.php(99): print_r(Object(App\Controllers\Home), true)
#2 C:\xampp\htdocs\belajar_ujikom\system\Debug\Exceptions.php(278): include('C:\\xampp\\htdocs...')
#3 C:\xampp\htdocs\belajar_ujikom\system\Debug\Exceptions.php(147): CodeIgniter\Debug\Exceptions->render(Object(CodeIgniter\Database\Exceptions\DatabaseException), 500)
#4 [internal function]: CodeIgniter\Debug\Exceptions->exceptionHandler(Object(CodeIgniter\Database\Exceptions\DatabaseException))
#5 {main}
  thrown
#0 [internal function]: CodeIgniter\Debug\Exceptions->shutdownHandler()
#1 {main}
CRITICAL - 2021-07-03 22:23:09 --> Invalid file: header.php
#0 C:\xampp\htdocs\belajar_ujikom\system\View\View.php(213): CodeIgniter\Exceptions\FrameworkException::forInvalidFile('header.php')
#1 C:\xampp\htdocs\belajar_ujikom\system\View\View.php(487): CodeIgniter\View\View->render('header', NULL, true)
#2 C:\xampp\htdocs\belajar_ujikom\app\Views\templates\layout.php(1): CodeIgniter\View\View->include('header')
#3 C:\xampp\htdocs\belajar_ujikom\system\View\View.php(230): include('C:\\xampp\\htdocs...')
#4 C:\xampp\htdocs\belajar_ujikom\system\View\View.php(232): CodeIgniter\View\View->CodeIgniter\View\{closure}()
#5 C:\xampp\htdocs\belajar_ujikom\system\View\View.php(246): CodeIgniter\View\View->render('templates/layou...', Array, true)
#6 C:\xampp\htdocs\belajar_ujikom\system\Common.php(1271): CodeIgniter\View\View->render('home', Array, true)
#7 C:\xampp\htdocs\belajar_ujikom\app\Controllers\Home.php(21): view('home', Array)
#8 C:\xampp\htdocs\belajar_ujikom\system\CodeIgniter.php(928): App\Controllers\Home->index()
#9 C:\xampp\htdocs\belajar_ujikom\system\CodeIgniter.php(436): CodeIgniter\CodeIgniter->runController(Object(App\Controllers\Home))
#10 C:\xampp\htdocs\belajar_ujikom\system\CodeIgniter.php(336): CodeIgniter\CodeIgniter->handleRequest(NULL, Object(Config\Cache), false)
#11 C:\xampp\htdocs\belajar_ujikom\public\index.php(37): CodeIgniter\CodeIgniter->run()
#12 C:\xampp\htdocs\belajar_ujikom\system\Commands\Server\rewrite.php(45): require_once('C:\\xampp\\htdocs...')
#13 {main}
CRITICAL - 2021-07-03 22:24:51 --> Invalid file: header.php
#0 C:\xampp\htdocs\belajar_ujikom\system\View\View.php(213): CodeIgniter\Exceptions\FrameworkException::forInvalidFile('header.php')
#1 C:\xampp\htdocs\belajar_ujikom\system\View\View.php(487): CodeIgniter\View\View->render('header', NULL, true)
#2 C:\xampp\htdocs\belajar_ujikom\app\Views\templates\layout.php(1): CodeIgniter\View\View->include('header')
#3 C:\xampp\htdocs\belajar_ujikom\system\View\View.php(230): include('C:\\xampp\\htdocs...')
#4 C:\xampp\htdocs\belajar_ujikom\system\View\View.php(232): CodeIgniter\View\View->CodeIgniter\View\{closure}()
#5 C:\xampp\htdocs\belajar_ujikom\system\View\View.php(246): CodeIgniter\View\View->render('templates/layou...', Array, true)
#6 C:\xampp\htdocs\belajar_ujikom\system\Common.php(1271): CodeIgniter\View\View->render('home', Array, true)
#7 C:\xampp\htdocs\belajar_ujikom\app\Controllers\Home.php(21): view('home', Array)
#8 C:\xampp\htdocs\belajar_ujikom\system\CodeIgniter.php(928): App\Controllers\Home->index()
#9 C:\xampp\htdocs\belajar_ujikom\system\CodeIgniter.php(436): CodeIgniter\CodeIgniter->runController(Object(App\Controllers\Home))
#10 C:\xampp\htdocs\belajar_ujikom\system\CodeIgniter.php(336): CodeIgniter\CodeIgniter->handleRequest(NULL, Object(Config\Cache), false)
#11 C:\xampp\htdocs\belajar_ujikom\public\index.php(37): CodeIgniter\CodeIgniter->run()
#12 C:\xampp\htdocs\belajar_ujikom\system\Commands\Server\rewrite.php(45): require_once('C:\\xampp\\htdocs...')
#13 {main}
CRITICAL - 2021-07-03 22:36:33 --> Undefined variable: data
#0 C:\xampp\htdocs\belajar_ujikom\app\Controllers\Home.php(18): CodeIgniter\Debug\Exceptions->errorHandler(8, 'Undefined varia...', 'C:\\xampp\\htdocs...', 18, Array)
#1 C:\xampp\htdocs\belajar_ujikom\system\CodeIgniter.php(928): App\Controllers\Home->index()
#2 C:\xampp\htdocs\belajar_ujikom\system\CodeIgniter.php(436): CodeIgniter\CodeIgniter->runController(Object(App\Controllers\Home))
#3 C:\xampp\htdocs\belajar_ujikom\system\CodeIgniter.php(336): CodeIgniter\CodeIgniter->handleRequest(NULL, Object(Config\Cache), false)
#4 C:\xampp\htdocs\belajar_ujikom\public\index.php(37): CodeIgniter\CodeIgniter->run()
#5 C:\xampp\htdocs\belajar_ujikom\system\Commands\Server\rewrite.php(45): require_once('C:\\xampp\\htdocs...')
#6 {main}
CRITICAL - 2021-07-03 22:52:23 --> Undefined variable: title
#0 C:\xampp\htdocs\belajar_ujikom\app\Views\templates\header.php(39): CodeIgniter\Debug\Exceptions->errorHandler(8, 'Undefined varia...', 'C:\\xampp\\htdocs...', 39, Array)
#1 C:\xampp\htdocs\belajar_ujikom\system\View\View.php(230): include('C:\\xampp\\htdocs...')
#2 C:\xampp\htdocs\belajar_ujikom\system\View\View.php(232): CodeIgniter\View\View->CodeIgniter\View\{closure}()
#3 C:\xampp\htdocs\belajar_ujikom\system\View\View.php(487): CodeIgniter\View\View->render('templates/heade...', NULL, true)
#4 C:\xampp\htdocs\belajar_ujikom\app\Views\templates\layout.php(1): CodeIgniter\View\View->include('templates/heade...')
#5 C:\xampp\htdocs\belajar_ujikom\system\View\View.php(230): include('C:\\xampp\\htdocs...')
#6 C:\xampp\htdocs\belajar_ujikom\system\View\View.php(232): CodeIgniter\View\View->CodeIgniter\View\{closure}()
#7 C:\xampp\htdocs\belajar_ujikom\system\View\View.php(246): CodeIgniter\View\View->render('templates/layou...', Array, true)
#8 C:\xampp\htdocs\belajar_ujikom\system\Common.php(1271): CodeIgniter\View\View->render('home', Array, true)
#9 C:\xampp\htdocs\belajar_ujikom\app\Controllers\Home.php(18): view('home')
#10 C:\xampp\htdocs\belajar_ujikom\system\CodeIgniter.php(928): App\Controllers\Home->index()
#11 C:\xampp\htdocs\belajar_ujikom\system\CodeIgniter.php(436): CodeIgniter\CodeIgniter->runController(Object(App\Controllers\Home))
#12 C:\xampp\htdocs\belajar_ujikom\system\CodeIgniter.php(336): CodeIgniter\CodeIgniter->handleRequest(NULL, Object(Config\Cache), false)
#13 C:\xampp\htdocs\belajar_ujikom\public\index.php(37): CodeIgniter\CodeIgniter->run()
#14 C:\xampp\htdocs\belajar_ujikom\system\Commands\Server\rewrite.php(45): require_once('C:\\xampp\\htdocs...')
#15 {main}
CRITICAL - 2021-07-03 22:56:17 --> Undefined variable: title
#0 C:\xampp\htdocs\belajar_ujikom\app\Views\widget\breadcrumb.php(5): CodeIgniter\Debug\Exceptions->errorHandler(8, 'Undefined varia...', 'C:\\xampp\\htdocs...', 5, Array)
#1 C:\xampp\htdocs\belajar_ujikom\system\View\View.php(230): include('C:\\xampp\\htdocs...')
#2 C:\xampp\htdocs\belajar_ujikom\system\View\View.php(232): CodeIgniter\View\View->CodeIgniter\View\{closure}()
#3 C:\xampp\htdocs\belajar_ujikom\system\Common.php(1271): CodeIgniter\View\View->render('widget/breadcru...', Array, true)
#4 C:\xampp\htdocs\belajar_ujikom\app\Libraries\Widget.php(10): view('widget/breadcru...')
#5 C:\xampp\htdocs\belajar_ujikom\system\View\Cell.php(120): App\Libraries\Widget->breadcrumb()
#6 C:\xampp\htdocs\belajar_ujikom\system\Common.php(1292): CodeIgniter\View\Cell->render('\\App\\Libraries\\...', NULL, 0, 'AppLibrariesWid...')
#7 C:\xampp\htdocs\belajar_ujikom\app\Views\templates\header.php(36): view_cell('\\App\\Libraries\\...')
#8 C:\xampp\htdocs\belajar_ujikom\system\View\View.php(230): include('C:\\xampp\\htdocs...')
#9 C:\xampp\htdocs\belajar_ujikom\system\View\View.php(232): CodeIgniter\View\View->CodeIgniter\View\{closure}()
#10 C:\xampp\htdocs\belajar_ujikom\system\View\View.php(487): CodeIgniter\View\View->render('templates/heade...', NULL, true)
#11 C:\xampp\htdocs\belajar_ujikom\app\Views\templates\layout.php(1): CodeIgniter\View\View->include('templates/heade...')
#12 C:\xampp\htdocs\belajar_ujikom\system\View\View.php(230): include('C:\\xampp\\htdocs...')
#13 C:\xampp\htdocs\belajar_ujikom\system\View\View.php(232): CodeIgniter\View\View->CodeIgniter\View\{closure}()
#14 C:\xampp\htdocs\belajar_ujikom\system\View\View.php(246): CodeIgniter\View\View->render('templates/layou...', Array, true)
#15 C:\xampp\htdocs\belajar_ujikom\system\Common.php(1271): CodeIgniter\View\View->render('home', Array, true)
#16 C:\xampp\htdocs\belajar_ujikom\app\Controllers\Home.php(18): view('home')
#17 C:\xampp\htdocs\belajar_ujikom\system\CodeIgniter.php(928): App\Controllers\Home->index()
#18 C:\xampp\htdocs\belajar_ujikom\system\CodeIgniter.php(436): CodeIgniter\CodeIgniter->runController(Object(App\Controllers\Home))
#19 C:\xampp\htdocs\belajar_ujikom\system\CodeIgniter.php(336): CodeIgniter\CodeIgniter->handleRequest(NULL, Object(Config\Cache), false)
#20 C:\xampp\htdocs\belajar_ujikom\public\index.php(37): CodeIgniter\CodeIgniter->run()
#21 C:\xampp\htdocs\belajar_ujikom\system\Commands\Server\rewrite.php(45): require_once('C:\\xampp\\htdocs...')
#22 {main}
CRITICAL - 2021-07-03 22:56:54 --> Undefined variable: title
#0 C:\xampp\htdocs\belajar_ujikom\app\Views\widget\breadcrumb.php(5): CodeIgniter\Debug\Exceptions->errorHandler(8, 'Undefined varia...', 'C:\\xampp\\htdocs...', 5, Array)
#1 C:\xampp\htdocs\belajar_ujikom\system\View\View.php(230): include('C:\\xampp\\htdocs...')
#2 C:\xampp\htdocs\belajar_ujikom\system\View\View.php(232): CodeIgniter\View\View->CodeIgniter\View\{closure}()
#3 C:\xampp\htdocs\belajar_ujikom\system\Common.php(1271): CodeIgniter\View\View->render('widget/breadcru...', Array, true)
#4 C:\xampp\htdocs\belajar_ujikom\app\Libraries\Widget.php(10): view('widget/breadcru...')
#5 C:\xampp\htdocs\belajar_ujikom\system\View\Cell.php(120): App\Libraries\Widget->breadcrumb()
#6 C:\xampp\htdocs\belajar_ujikom\system\Common.php(1292): CodeIgniter\View\Cell->render('\\App\\Libraries\\...', NULL, 0, 'AppLibrariesWid...')
#7 C:\xampp\htdocs\belajar_ujikom\app\Views\templates\header.php(36): view_cell('\\App\\Libraries\\...')
#8 C:\xampp\htdocs\belajar_ujikom\system\View\View.php(230): include('C:\\xampp\\htdocs...')
#9 C:\xampp\htdocs\belajar_ujikom\system\View\View.php(232): CodeIgniter\View\View->CodeIgniter\View\{closure}()
#10 C:\xampp\htdocs\belajar_ujikom\system\View\View.php(487): CodeIgniter\View\View->render('templates/heade...', NULL, true)
#11 C:\xampp\htdocs\belajar_ujikom\app\Views\templates\layout.php(1): CodeIgniter\View\View->include('templates/heade...')
#12 C:\xampp\htdocs\belajar_ujikom\system\View\View.php(230): include('C:\\xampp\\htdocs...')
#13 C:\xampp\htdocs\belajar_ujikom\system\View\View.php(232): CodeIgniter\View\View->CodeIgniter\View\{closure}()
#14 C:\xampp\htdocs\belajar_ujikom\system\View\View.php(246): CodeIgniter\View\View->render('templates/layou...', Array, true)
#15 C:\xampp\htdocs\belajar_ujikom\system\Common.php(1271): CodeIgniter\View\View->render('home', Array, true)
#16 C:\xampp\htdocs\belajar_ujikom\app\Controllers\Home.php(18): view('home')
#17 C:\xampp\htdocs\belajar_ujikom\system\CodeIgniter.php(928): App\Controllers\Home->index()
#18 C:\xampp\htdocs\belajar_ujikom\system\CodeIgniter.php(436): CodeIgniter\CodeIgniter->runController(Object(App\Controllers\Home))
#19 C:\xampp\htdocs\belajar_ujikom\system\CodeIgniter.php(336): CodeIgniter\CodeIgniter->handleRequest(NULL, Object(Config\Cache), false)
#20 C:\xampp\htdocs\belajar_ujikom\public\index.php(37): CodeIgniter\CodeIgniter->run()
#21 C:\xampp\htdocs\belajar_ujikom\system\Commands\Server\rewrite.php(45): require_once('C:\\xampp\\htdocs...')
#22 {main}
CRITICAL - 2021-07-03 23:11:49 --> Undefined variable: title
#0 C:\xampp\htdocs\belajar_ujikom\app\Views\widget\breadcrumb.php(5): CodeIgniter\Debug\Exceptions->errorHandler(8, 'Undefined varia...', 'C:\\xampp\\htdocs...', 5, Array)
#1 C:\xampp\htdocs\belajar_ujikom\system\View\View.php(230): include('C:\\xampp\\htdocs...')
#2 C:\xampp\htdocs\belajar_ujikom\system\View\View.php(232): CodeIgniter\View\View->CodeIgniter\View\{closure}()
#3 C:\xampp\htdocs\belajar_ujikom\system\Common.php(1271): CodeIgniter\View\View->render('widget/breadcru...', Array, true)
#4 C:\xampp\htdocs\belajar_ujikom\app\Libraries\Widget.php(10): view('widget/breadcru...')
#5 C:\xampp\htdocs\belajar_ujikom\system\View\Cell.php(120): App\Libraries\Widget->breadcrumb()
#6 C:\xampp\htdocs\belajar_ujikom\system\Common.php(1292): CodeIgniter\View\Cell->render('\\App\\Libraries\\...', NULL, 0, 'AppLibrariesWid...')
#7 C:\xampp\htdocs\belajar_ujikom\app\Views\templates\header.php(36): view_cell('\\App\\Libraries\\...')
#8 C:\xampp\htdocs\belajar_ujikom\system\View\View.php(230): include('C:\\xampp\\htdocs...')
#9 C:\xampp\htdocs\belajar_ujikom\system\View\View.php(232): CodeIgniter\View\View->CodeIgniter\View\{closure}()
#10 C:\xampp\htdocs\belajar_ujikom\system\View\View.php(487): CodeIgniter\View\View->render('templates/heade...', NULL, true)
#11 C:\xampp\htdocs\belajar_ujikom\app\Views\templates\layout.php(1): CodeIgniter\View\View->include('templates/heade...')
#12 C:\xampp\htdocs\belajar_ujikom\system\View\View.php(230): include('C:\\xampp\\htdocs...')
#13 C:\xampp\htdocs\belajar_ujikom\system\View\View.php(232): CodeIgniter\View\View->CodeIgniter\View\{closure}()
#14 C:\xampp\htdocs\belajar_ujikom\system\View\View.php(246): CodeIgniter\View\View->render('templates/layou...', Array, true)
#15 C:\xampp\htdocs\belajar_ujikom\system\Common.php(1271): CodeIgniter\View\View->render('mahasiswa', Array, true)
#16 C:\xampp\htdocs\belajar_ujikom\app\Controllers\Mahasiswa.php(20): view('mahasiswa', Array)
#17 C:\xampp\htdocs\belajar_ujikom\system\CodeIgniter.php(928): App\Controllers\Mahasiswa->index()
#18 C:\xampp\htdocs\belajar_ujikom\system\CodeIgniter.php(436): CodeIgniter\CodeIgniter->runController(Object(App\Controllers\Mahasiswa))
#19 C:\xampp\htdocs\belajar_ujikom\system\CodeIgniter.php(336): CodeIgniter\CodeIgniter->handleRequest(NULL, Object(Config\Cache), false)
#20 C:\xampp\htdocs\belajar_ujikom\public\index.php(37): CodeIgniter\CodeIgniter->run()
#21 C:\xampp\htdocs\belajar_ujikom\system\Commands\Server\rewrite.php(45): require_once('C:\\xampp\\htdocs...')
#22 {main}
CRITICAL - 2021-07-03 23:18:41 --> Undefined variable: title
#0 C:\xampp\htdocs\belajar_ujikom\app\Views\widget\breadcrumb.php(5): CodeIgniter\Debug\Exceptions->errorHandler(8, 'Undefined varia...', 'C:\\xampp\\htdocs...', 5, Array)
#1 C:\xampp\htdocs\belajar_ujikom\system\View\View.php(230): include('C:\\xampp\\htdocs...')
#2 C:\xampp\htdocs\belajar_ujikom\system\View\View.php(232): CodeIgniter\View\View->CodeIgniter\View\{closure}()
#3 C:\xampp\htdocs\belajar_ujikom\system\Common.php(1271): CodeIgniter\View\View->render('widget/breadcru...', Array, true)
#4 C:\xampp\htdocs\belajar_ujikom\app\Libraries\Widget.php(9): view('widget/breadcru...')
#5 C:\xampp\htdocs\belajar_ujikom\system\View\Cell.php(120): App\Libraries\Widget->breadcrumb()
#6 C:\xampp\htdocs\belajar_ujikom\system\Common.php(1292): CodeIgniter\View\Cell->render('\\App\\Libraries\\...', NULL, 0, 'AppLibrariesWid...')
#7 C:\xampp\htdocs\belajar_ujikom\app\Views\templates\header.php(36): view_cell('\\App\\Libraries\\...')
#8 C:\xampp\htdocs\belajar_ujikom\system\View\View.php(230): include('C:\\xampp\\htdocs...')
#9 C:\xampp\htdocs\belajar_ujikom\system\View\View.php(232): CodeIgniter\View\View->CodeIgniter\View\{closure}()
#10 C:\xampp\htdocs\belajar_ujikom\system\View\View.php(487): CodeIgniter\View\View->render('templates/heade...', NULL, true)
#11 C:\xampp\htdocs\belajar_ujikom\app\Views\templates\layout.php(1): CodeIgniter\View\View->include('templates/heade...')
#12 C:\xampp\htdocs\belajar_ujikom\system\View\View.php(230): include('C:\\xampp\\htdocs...')
#13 C:\xampp\htdocs\belajar_ujikom\system\View\View.php(232): CodeIgniter\View\View->CodeIgniter\View\{closure}()
#14 C:\xampp\htdocs\belajar_ujikom\system\View\View.php(246): CodeIgniter\View\View->render('templates/layou...', Array, true)
#15 C:\xampp\htdocs\belajar_ujikom\system\Common.php(1271): CodeIgniter\View\View->render('mahasiswa', Array, true)
#16 C:\xampp\htdocs\belajar_ujikom\app\Controllers\Mahasiswa.php(20): view('mahasiswa', Array)
#17 C:\xampp\htdocs\belajar_ujikom\system\CodeIgniter.php(928): App\Controllers\Mahasiswa->index()
#18 C:\xampp\htdocs\belajar_ujikom\system\CodeIgniter.php(436): CodeIgniter\CodeIgniter->runController(Object(App\Controllers\Mahasiswa))
#19 C:\xampp\htdocs\belajar_ujikom\system\CodeIgniter.php(336): CodeIgniter\CodeIgniter->handleRequest(NULL, Object(Config\Cache), false)
#20 C:\xampp\htdocs\belajar_ujikom\public\index.php(37): CodeIgniter\CodeIgniter->run()
#21 C:\xampp\htdocs\belajar_ujikom\system\Commands\Server\rewrite.php(45): require_once('C:\\xampp\\htdocs...')
#22 {main}
CRITICAL - 2021-07-03 23:31:52 --> Undefined index: nama
#0 C:\xampp\htdocs\belajar_ujikom\app\Views\mahasiswa.php(24): CodeIgniter\Debug\Exceptions->errorHandler(8, 'Undefined index...', 'C:\\xampp\\htdocs...', 24, Array)
#1 C:\xampp\htdocs\belajar_ujikom\system\View\View.php(230): include('C:\\xampp\\htdocs...')
#2 C:\xampp\htdocs\belajar_ujikom\system\View\View.php(232): CodeIgniter\View\View->CodeIgniter\View\{closure}()
#3 C:\xampp\htdocs\belajar_ujikom\system\Common.php(1271): CodeIgniter\View\View->render('mahasiswa', Array, true)
#4 C:\xampp\htdocs\belajar_ujikom\app\Controllers\Mahasiswa.php(21): view('mahasiswa', Array)
#5 C:\xampp\htdocs\belajar_ujikom\system\CodeIgniter.php(928): App\Controllers\Mahasiswa->index()
#6 C:\xampp\htdocs\belajar_ujikom\system\CodeIgniter.php(436): CodeIgniter\CodeIgniter->runController(Object(App\Controllers\Mahasiswa))
#7 C:\xampp\htdocs\belajar_ujikom\system\CodeIgniter.php(336): CodeIgniter\CodeIgniter->handleRequest(NULL, Object(Config\Cache), false)
#8 C:\xampp\htdocs\belajar_ujikom\public\index.php(37): CodeIgniter\CodeIgniter->run()
#9 C:\xampp\htdocs\belajar_ujikom\system\Commands\Server\rewrite.php(45): require_once('C:\\xampp\\htdocs...')
#10 {main}
CRITICAL - 2021-07-03 23:34:15 --> Undefined index: nama
#0 C:\xampp\htdocs\belajar_ujikom\app\Views\mahasiswa.php(24): CodeIgniter\Debug\Exceptions->errorHandler(8, 'Undefined index...', 'C:\\xampp\\htdocs...', 24, Array)
#1 C:\xampp\htdocs\belajar_ujikom\system\View\View.php(230): include('C:\\xampp\\htdocs...')
#2 C:\xampp\htdocs\belajar_ujikom\system\View\View.php(232): CodeIgniter\View\View->CodeIgniter\View\{closure}()
#3 C:\xampp\htdocs\belajar_ujikom\system\Common.php(1271): CodeIgniter\View\View->render('mahasiswa', Array, true)
#4 C:\xampp\htdocs\belajar_ujikom\app\Controllers\Mahasiswa.php(21): view('mahasiswa', Array)
#5 C:\xampp\htdocs\belajar_ujikom\system\CodeIgniter.php(928): App\Controllers\Mahasiswa->index()
#6 C:\xampp\htdocs\belajar_ujikom\system\CodeIgniter.php(436): CodeIgniter\CodeIgniter->runController(Object(App\Controllers\Mahasiswa))
#7 C:\xampp\htdocs\belajar_ujikom\system\CodeIgniter.php(336): CodeIgniter\CodeIgniter->handleRequest(NULL, Object(Config\Cache), false)
#8 C:\xampp\htdocs\belajar_ujikom\public\index.php(37): CodeIgniter\CodeIgniter->run()
#9 C:\xampp\htdocs\belajar_ujikom\system\Commands\Server\rewrite.php(45): require_once('C:\\xampp\\htdocs...')
#10 {main}
CRITICAL - 2021-07-03 23:35:54 --> Undefined index: nama
#0 C:\xampp\htdocs\belajar_ujikom\app\Views\mahasiswa.php(24): CodeIgniter\Debug\Exceptions->errorHandler(8, 'Undefined index...', 'C:\\xampp\\htdocs...', 24, Array)
#1 C:\xampp\htdocs\belajar_ujikom\system\View\View.php(230): include('C:\\xampp\\htdocs...')
#2 C:\xampp\htdocs\belajar_ujikom\system\View\View.php(232): CodeIgniter\View\View->CodeIgniter\View\{closure}()
#3 C:\xampp\htdocs\belajar_ujikom\system\Common.php(1271): CodeIgniter\View\View->render('mahasiswa', Array, true)
#4 C:\xampp\htdocs\belajar_ujikom\app\Controllers\Mahasiswa.php(21): view('mahasiswa', Array)
#5 C:\xampp\htdocs\belajar_ujikom\system\CodeIgniter.php(928): App\Controllers\Mahasiswa->index()
#6 C:\xampp\htdocs\belajar_ujikom\system\CodeIgniter.php(436): CodeIgniter\CodeIgniter->runController(Object(App\Controllers\Mahasiswa))
#7 C:\xampp\htdocs\belajar_ujikom\system\CodeIgniter.php(336): CodeIgniter\CodeIgniter->handleRequest(NULL, Object(Config\Cache), false)
#8 C:\xampp\htdocs\belajar_ujikom\public\index.php(37): CodeIgniter\CodeIgniter->run()
#9 C:\xampp\htdocs\belajar_ujikom\system\Commands\Server\rewrite.php(45): require_once('C:\\xampp\\htdocs...')
#10 {main}
CRITICAL - 2021-07-03 23:36:39 --> Undefined index: nama
#0 C:\xampp\htdocs\belajar_ujikom\app\Views\mahasiswa.php(24): CodeIgniter\Debug\Exceptions->errorHandler(8, 'Undefined index...', 'C:\\xampp\\htdocs...', 24, Array)
#1 C:\xampp\htdocs\belajar_ujikom\system\View\View.php(230): include('C:\\xampp\\htdocs...')
#2 C:\xampp\htdocs\belajar_ujikom\system\View\View.php(232): CodeIgniter\View\View->CodeIgniter\View\{closure}()
#3 C:\xampp\htdocs\belajar_ujikom\system\Common.php(1271): CodeIgniter\View\View->render('mahasiswa', Array, true)
#4 C:\xampp\htdocs\belajar_ujikom\app\Controllers\Mahasiswa.php(21): view('mahasiswa', Array)
#5 C:\xampp\htdocs\belajar_ujikom\system\CodeIgniter.php(928): App\Controllers\Mahasiswa->index()
#6 C:\xampp\htdocs\belajar_ujikom\system\CodeIgniter.php(436): CodeIgniter\CodeIgniter->runController(Object(App\Controllers\Mahasiswa))
#7 C:\xampp\htdocs\belajar_ujikom\system\CodeIgniter.php(336): CodeIgniter\CodeIgniter->handleRequest(NULL, Object(Config\Cache), false)
#8 C:\xampp\htdocs\belajar_ujikom\public\index.php(37): CodeIgniter\CodeIgniter->run()
#9 C:\xampp\htdocs\belajar_ujikom\system\Commands\Server\rewrite.php(45): require_once('C:\\xampp\\htdocs...')
#10 {main}
