CRITICAL - 2021-07-04 00:07:57 --> Undefined variable: getJurusan
#0 C:\xampp\htdocs\belajar_ujikom\app\Views\tambah.php(34): CodeIgniter\Debug\Exceptions->errorHandler(8, 'Undefined varia...', 'C:\\xampp\\htdocs...', 34, Array)
#1 C:\xampp\htdocs\belajar_ujikom\system\View\View.php(230): include('C:\\xampp\\htdocs...')
#2 C:\xampp\htdocs\belajar_ujikom\system\View\View.php(232): CodeIgniter\View\View->CodeIgniter\View\{closure}()
#3 C:\xampp\htdocs\belajar_ujikom\system\Common.php(1271): CodeIgniter\View\View->render('tambah', Array, true)
#4 C:\xampp\htdocs\belajar_ujikom\app\Controllers\Mahasiswa.php(30): view('tambah', Array)
#5 C:\xampp\htdocs\belajar_ujikom\system\CodeIgniter.php(928): App\Controllers\Mahasiswa->tambah()
#6 C:\xampp\htdocs\belajar_ujikom\system\CodeIgniter.php(436): CodeIgniter\CodeIgniter->runController(Object(App\Controllers\Mahasiswa))
#7 C:\xampp\htdocs\belajar_ujikom\system\CodeIgniter.php(336): CodeIgniter\CodeIgniter->handleRequest(NULL, Object(Config\Cache), false)
#8 C:\xampp\htdocs\belajar_ujikom\public\index.php(37): CodeIgniter\CodeIgniter->run()
#9 C:\xampp\htdocs\belajar_ujikom\system\Commands\Server\rewrite.php(45): require_once('C:\\xampp\\htdocs...')
#10 {main}
CRITICAL - 2021-07-04 00:14:24 --> You must set the database table to be used with your query.
#0 C:\xampp\htdocs\belajar_ujikom\system\Model.php(602): CodeIgniter\Database\BaseConnection->table(NULL)
#1 C:\xampp\htdocs\belajar_ujikom\system\Model.php(798): CodeIgniter\Model->builder()
#2 C:\xampp\htdocs\belajar_ujikom\app\Models\Jurusan_model.php(12): CodeIgniter\Model->__call('select', Array)
#3 C:\xampp\htdocs\belajar_ujikom\app\Controllers\Mahasiswa.php(31): App\Models\Jurusan_model->getJurusan()
#4 C:\xampp\htdocs\belajar_ujikom\system\CodeIgniter.php(928): App\Controllers\Mahasiswa->tambah()
#5 C:\xampp\htdocs\belajar_ujikom\system\CodeIgniter.php(436): CodeIgniter\CodeIgniter->runController(Object(App\Controllers\Mahasiswa))
#6 C:\xampp\htdocs\belajar_ujikom\system\CodeIgniter.php(336): CodeIgniter\CodeIgniter->handleRequest(NULL, Object(Config\Cache), false)
#7 C:\xampp\htdocs\belajar_ujikom\public\index.php(37): CodeIgniter\CodeIgniter->run()
#8 C:\xampp\htdocs\belajar_ujikom\system\Commands\Server\rewrite.php(45): require_once('C:\\xampp\\htdocs...')
#9 {main}
CRITICAL - 2021-07-04 00:16:09 --> Undefined variable: getJurusan
#0 C:\xampp\htdocs\belajar_ujikom\app\Views\tambah.php(34): CodeIgniter\Debug\Exceptions->errorHandler(8, 'Undefined varia...', 'C:\\xampp\\htdocs...', 34, Array)
#1 C:\xampp\htdocs\belajar_ujikom\system\View\View.php(230): include('C:\\xampp\\htdocs...')
#2 C:\xampp\htdocs\belajar_ujikom\system\View\View.php(232): CodeIgniter\View\View->CodeIgniter\View\{closure}()
#3 C:\xampp\htdocs\belajar_ujikom\system\Common.php(1271): CodeIgniter\View\View->render('tambah', Array, true)
#4 C:\xampp\htdocs\belajar_ujikom\app\Controllers\Mahasiswa.php(33): view('tambah', Array)
#5 C:\xampp\htdocs\belajar_ujikom\system\CodeIgniter.php(928): App\Controllers\Mahasiswa->tambah()
#6 C:\xampp\htdocs\belajar_ujikom\system\CodeIgniter.php(436): CodeIgniter\CodeIgniter->runController(Object(App\Controllers\Mahasiswa))
#7 C:\xampp\htdocs\belajar_ujikom\system\CodeIgniter.php(336): CodeIgniter\CodeIgniter->handleRequest(NULL, Object(Config\Cache), false)
#8 C:\xampp\htdocs\belajar_ujikom\public\index.php(37): CodeIgniter\CodeIgniter->run()
#9 C:\xampp\htdocs\belajar_ujikom\system\Commands\Server\rewrite.php(45): require_once('C:\\xampp\\htdocs...')
#10 {main}
CRITICAL - 2021-07-04 00:16:29 --> Trying to get property 'kd_jurusan' of non-object
#0 C:\xampp\htdocs\belajar_ujikom\app\Views\tambah.php(35): CodeIgniter\Debug\Exceptions->errorHandler(8, 'Trying to get p...', 'C:\\xampp\\htdocs...', 35, Array)
#1 C:\xampp\htdocs\belajar_ujikom\system\View\View.php(230): include('C:\\xampp\\htdocs...')
#2 C:\xampp\htdocs\belajar_ujikom\system\View\View.php(232): CodeIgniter\View\View->CodeIgniter\View\{closure}()
#3 C:\xampp\htdocs\belajar_ujikom\system\Common.php(1271): CodeIgniter\View\View->render('tambah', Array, true)
#4 C:\xampp\htdocs\belajar_ujikom\app\Controllers\Mahasiswa.php(33): view('tambah', Array)
#5 C:\xampp\htdocs\belajar_ujikom\system\CodeIgniter.php(928): App\Controllers\Mahasiswa->tambah()
#6 C:\xampp\htdocs\belajar_ujikom\system\CodeIgniter.php(436): CodeIgniter\CodeIgniter->runController(Object(App\Controllers\Mahasiswa))
#7 C:\xampp\htdocs\belajar_ujikom\system\CodeIgniter.php(336): CodeIgniter\CodeIgniter->handleRequest(NULL, Object(Config\Cache), false)
#8 C:\xampp\htdocs\belajar_ujikom\public\index.php(37): CodeIgniter\CodeIgniter->run()
#9 C:\xampp\htdocs\belajar_ujikom\system\Commands\Server\rewrite.php(45): require_once('C:\\xampp\\htdocs...')
#10 {main}
CRITICAL - 2021-07-04 00:17:37 --> Trying to get property 'kd_jurusan' of non-object
#0 C:\xampp\htdocs\belajar_ujikom\app\Views\tambah.php(35): CodeIgniter\Debug\Exceptions->errorHandler(8, 'Trying to get p...', 'C:\\xampp\\htdocs...', 35, Array)
#1 C:\xampp\htdocs\belajar_ujikom\system\View\View.php(230): include('C:\\xampp\\htdocs...')
#2 C:\xampp\htdocs\belajar_ujikom\system\View\View.php(232): CodeIgniter\View\View->CodeIgniter\View\{closure}()
#3 C:\xampp\htdocs\belajar_ujikom\system\Common.php(1271): CodeIgniter\View\View->render('tambah', Array, true)
#4 C:\xampp\htdocs\belajar_ujikom\app\Controllers\Mahasiswa.php(33): view('tambah', Array)
#5 C:\xampp\htdocs\belajar_ujikom\system\CodeIgniter.php(928): App\Controllers\Mahasiswa->tambah()
#6 C:\xampp\htdocs\belajar_ujikom\system\CodeIgniter.php(436): CodeIgniter\CodeIgniter->runController(Object(App\Controllers\Mahasiswa))
#7 C:\xampp\htdocs\belajar_ujikom\system\CodeIgniter.php(336): CodeIgniter\CodeIgniter->handleRequest(NULL, Object(Config\Cache), false)
#8 C:\xampp\htdocs\belajar_ujikom\public\index.php(37): CodeIgniter\CodeIgniter->run()
#9 C:\xampp\htdocs\belajar_ujikom\system\Commands\Server\rewrite.php(45): require_once('C:\\xampp\\htdocs...')
#10 {main}
CRITICAL - 2021-07-04 00:19:02 --> Undefined property: mysqli::$kd_jurusan
#0 C:\xampp\htdocs\belajar_ujikom\app\Views\tambah.php(35): CodeIgniter\Debug\Exceptions->errorHandler(8, 'Undefined prope...', 'C:\\xampp\\htdocs...', 35, Array)
#1 C:\xampp\htdocs\belajar_ujikom\system\View\View.php(230): include('C:\\xampp\\htdocs...')
#2 C:\xampp\htdocs\belajar_ujikom\system\View\View.php(232): CodeIgniter\View\View->CodeIgniter\View\{closure}()
#3 C:\xampp\htdocs\belajar_ujikom\system\Common.php(1271): CodeIgniter\View\View->render('tambah', Array, true)
#4 C:\xampp\htdocs\belajar_ujikom\app\Controllers\Mahasiswa.php(33): view('tambah', Array)
#5 C:\xampp\htdocs\belajar_ujikom\system\CodeIgniter.php(928): App\Controllers\Mahasiswa->tambah()
#6 C:\xampp\htdocs\belajar_ujikom\system\CodeIgniter.php(436): CodeIgniter\CodeIgniter->runController(Object(App\Controllers\Mahasiswa))
#7 C:\xampp\htdocs\belajar_ujikom\system\CodeIgniter.php(336): CodeIgniter\CodeIgniter->handleRequest(NULL, Object(Config\Cache), false)
#8 C:\xampp\htdocs\belajar_ujikom\public\index.php(37): CodeIgniter\CodeIgniter->run()
#9 C:\xampp\htdocs\belajar_ujikom\system\Commands\Server\rewrite.php(45): require_once('C:\\xampp\\htdocs...')
#10 {main}
CRITICAL - 2021-07-04 00:19:39 --> Undefined property: mysqli::$kd_jurusan
#0 C:\xampp\htdocs\belajar_ujikom\app\Views\tambah.php(35): CodeIgniter\Debug\Exceptions->errorHandler(8, 'Undefined prope...', 'C:\\xampp\\htdocs...', 35, Array)
#1 C:\xampp\htdocs\belajar_ujikom\system\View\View.php(230): include('C:\\xampp\\htdocs...')
#2 C:\xampp\htdocs\belajar_ujikom\system\View\View.php(232): CodeIgniter\View\View->CodeIgniter\View\{closure}()
#3 C:\xampp\htdocs\belajar_ujikom\system\Common.php(1271): CodeIgniter\View\View->render('tambah', Array, true)
#4 C:\xampp\htdocs\belajar_ujikom\app\Controllers\Mahasiswa.php(33): view('tambah', Array)
#5 C:\xampp\htdocs\belajar_ujikom\system\CodeIgniter.php(928): App\Controllers\Mahasiswa->tambah()
#6 C:\xampp\htdocs\belajar_ujikom\system\CodeIgniter.php(436): CodeIgniter\CodeIgniter->runController(Object(App\Controllers\Mahasiswa))
#7 C:\xampp\htdocs\belajar_ujikom\system\CodeIgniter.php(336): CodeIgniter\CodeIgniter->handleRequest(NULL, Object(Config\Cache), false)
#8 C:\xampp\htdocs\belajar_ujikom\public\index.php(37): CodeIgniter\CodeIgniter->run()
#9 C:\xampp\htdocs\belajar_ujikom\system\Commands\Server\rewrite.php(45): require_once('C:\\xampp\\htdocs...')
#10 {main}
CRITICAL - 2021-07-04 00:19:40 --> Undefined property: mysqli::$kd_jurusan
#0 C:\xampp\htdocs\belajar_ujikom\app\Views\tambah.php(35): CodeIgniter\Debug\Exceptions->errorHandler(8, 'Undefined prope...', 'C:\\xampp\\htdocs...', 35, Array)
#1 C:\xampp\htdocs\belajar_ujikom\system\View\View.php(230): include('C:\\xampp\\htdocs...')
#2 C:\xampp\htdocs\belajar_ujikom\system\View\View.php(232): CodeIgniter\View\View->CodeIgniter\View\{closure}()
#3 C:\xampp\htdocs\belajar_ujikom\system\Common.php(1271): CodeIgniter\View\View->render('tambah', Array, true)
#4 C:\xampp\htdocs\belajar_ujikom\app\Controllers\Mahasiswa.php(33): view('tambah', Array)
#5 C:\xampp\htdocs\belajar_ujikom\system\CodeIgniter.php(928): App\Controllers\Mahasiswa->tambah()
#6 C:\xampp\htdocs\belajar_ujikom\system\CodeIgniter.php(436): CodeIgniter\CodeIgniter->runController(Object(App\Controllers\Mahasiswa))
#7 C:\xampp\htdocs\belajar_ujikom\system\CodeIgniter.php(336): CodeIgniter\CodeIgniter->handleRequest(NULL, Object(Config\Cache), false)
#8 C:\xampp\htdocs\belajar_ujikom\public\index.php(37): CodeIgniter\CodeIgniter->run()
#9 C:\xampp\htdocs\belajar_ujikom\system\Commands\Server\rewrite.php(45): require_once('C:\\xampp\\htdocs...')
#10 {main}
CRITICAL - 2021-07-04 00:30:15 --> Undefined property: mysqli::$kd_jurusan
#0 C:\xampp\htdocs\belajar_ujikom\app\Views\tambah.php(35): CodeIgniter\Debug\Exceptions->errorHandler(8, 'Undefined prope...', 'C:\\xampp\\htdocs...', 35, Array)
#1 C:\xampp\htdocs\belajar_ujikom\system\View\View.php(230): include('C:\\xampp\\htdocs...')
#2 C:\xampp\htdocs\belajar_ujikom\system\View\View.php(232): CodeIgniter\View\View->CodeIgniter\View\{closure}()
#3 C:\xampp\htdocs\belajar_ujikom\system\Common.php(1271): CodeIgniter\View\View->render('tambah', Array, true)
#4 C:\xampp\htdocs\belajar_ujikom\app\Controllers\Mahasiswa.php(33): view('tambah', Array)
#5 C:\xampp\htdocs\belajar_ujikom\system\CodeIgniter.php(928): App\Controllers\Mahasiswa->tambah()
#6 C:\xampp\htdocs\belajar_ujikom\system\CodeIgniter.php(436): CodeIgniter\CodeIgniter->runController(Object(App\Controllers\Mahasiswa))
#7 C:\xampp\htdocs\belajar_ujikom\system\CodeIgniter.php(336): CodeIgniter\CodeIgniter->handleRequest(NULL, Object(Config\Cache), false)
#8 C:\xampp\htdocs\belajar_ujikom\public\index.php(37): CodeIgniter\CodeIgniter->run()
#9 C:\xampp\htdocs\belajar_ujikom\system\Commands\Server\rewrite.php(45): require_once('C:\\xampp\\htdocs...')
#10 {main}
CRITICAL - 2021-07-04 00:30:16 --> Undefined property: mysqli::$kd_jurusan
#0 C:\xampp\htdocs\belajar_ujikom\app\Views\tambah.php(35): CodeIgniter\Debug\Exceptions->errorHandler(8, 'Undefined prope...', 'C:\\xampp\\htdocs...', 35, Array)
#1 C:\xampp\htdocs\belajar_ujikom\system\View\View.php(230): include('C:\\xampp\\htdocs...')
#2 C:\xampp\htdocs\belajar_ujikom\system\View\View.php(232): CodeIgniter\View\View->CodeIgniter\View\{closure}()
#3 C:\xampp\htdocs\belajar_ujikom\system\Common.php(1271): CodeIgniter\View\View->render('tambah', Array, true)
#4 C:\xampp\htdocs\belajar_ujikom\app\Controllers\Mahasiswa.php(33): view('tambah', Array)
#5 C:\xampp\htdocs\belajar_ujikom\system\CodeIgniter.php(928): App\Controllers\Mahasiswa->tambah()
#6 C:\xampp\htdocs\belajar_ujikom\system\CodeIgniter.php(436): CodeIgniter\CodeIgniter->runController(Object(App\Controllers\Mahasiswa))
#7 C:\xampp\htdocs\belajar_ujikom\system\CodeIgniter.php(336): CodeIgniter\CodeIgniter->handleRequest(NULL, Object(Config\Cache), false)
#8 C:\xampp\htdocs\belajar_ujikom\public\index.php(37): CodeIgniter\CodeIgniter->run()
#9 C:\xampp\htdocs\belajar_ujikom\system\Commands\Server\rewrite.php(45): require_once('C:\\xampp\\htdocs...')
#10 {main}
CRITICAL - 2021-07-04 00:30:45 --> Undefined property: mysqli::$kd_jurusan
#0 C:\xampp\htdocs\belajar_ujikom\app\Views\tambah.php(35): CodeIgniter\Debug\Exceptions->errorHandler(8, 'Undefined prope...', 'C:\\xampp\\htdocs...', 35, Array)
#1 C:\xampp\htdocs\belajar_ujikom\system\View\View.php(230): include('C:\\xampp\\htdocs...')
#2 C:\xampp\htdocs\belajar_ujikom\system\View\View.php(232): CodeIgniter\View\View->CodeIgniter\View\{closure}()
#3 C:\xampp\htdocs\belajar_ujikom\system\Common.php(1271): CodeIgniter\View\View->render('tambah', Array, true)
#4 C:\xampp\htdocs\belajar_ujikom\app\Controllers\Mahasiswa.php(33): view('tambah', Array)
#5 C:\xampp\htdocs\belajar_ujikom\system\CodeIgniter.php(928): App\Controllers\Mahasiswa->tambah()
#6 C:\xampp\htdocs\belajar_ujikom\system\CodeIgniter.php(436): CodeIgniter\CodeIgniter->runController(Object(App\Controllers\Mahasiswa))
#7 C:\xampp\htdocs\belajar_ujikom\system\CodeIgniter.php(336): CodeIgniter\CodeIgniter->handleRequest(NULL, Object(Config\Cache), false)
#8 C:\xampp\htdocs\belajar_ujikom\public\index.php(37): CodeIgniter\CodeIgniter->run()
#9 C:\xampp\htdocs\belajar_ujikom\system\Commands\Server\rewrite.php(45): require_once('C:\\xampp\\htdocs...')
#10 {main}
CRITICAL - 2021-07-04 00:30:46 --> Undefined property: mysqli::$kd_jurusan
#0 C:\xampp\htdocs\belajar_ujikom\app\Views\tambah.php(35): CodeIgniter\Debug\Exceptions->errorHandler(8, 'Undefined prope...', 'C:\\xampp\\htdocs...', 35, Array)
#1 C:\xampp\htdocs\belajar_ujikom\system\View\View.php(230): include('C:\\xampp\\htdocs...')
#2 C:\xampp\htdocs\belajar_ujikom\system\View\View.php(232): CodeIgniter\View\View->CodeIgniter\View\{closure}()
#3 C:\xampp\htdocs\belajar_ujikom\system\Common.php(1271): CodeIgniter\View\View->render('tambah', Array, true)
#4 C:\xampp\htdocs\belajar_ujikom\app\Controllers\Mahasiswa.php(33): view('tambah', Array)
#5 C:\xampp\htdocs\belajar_ujikom\system\CodeIgniter.php(928): App\Controllers\Mahasiswa->tambah()
#6 C:\xampp\htdocs\belajar_ujikom\system\CodeIgniter.php(436): CodeIgniter\CodeIgniter->runController(Object(App\Controllers\Mahasiswa))
#7 C:\xampp\htdocs\belajar_ujikom\system\CodeIgniter.php(336): CodeIgniter\CodeIgniter->handleRequest(NULL, Object(Config\Cache), false)
#8 C:\xampp\htdocs\belajar_ujikom\public\index.php(37): CodeIgniter\CodeIgniter->run()
#9 C:\xampp\htdocs\belajar_ujikom\system\Commands\Server\rewrite.php(45): require_once('C:\\xampp\\htdocs...')
#10 {main}
CRITICAL - 2021-07-04 00:31:53 --> Call to undefined method CodeIgniter\Database\MySQLi\Result::getResurlt()
#0 C:\xampp\htdocs\belajar_ujikom\app\Controllers\Mahasiswa.php(31): App\Models\Jurusan_model->getJurusan()
#1 C:\xampp\htdocs\belajar_ujikom\system\CodeIgniter.php(928): App\Controllers\Mahasiswa->tambah()
#2 C:\xampp\htdocs\belajar_ujikom\system\CodeIgniter.php(436): CodeIgniter\CodeIgniter->runController(Object(App\Controllers\Mahasiswa))
#3 C:\xampp\htdocs\belajar_ujikom\system\CodeIgniter.php(336): CodeIgniter\CodeIgniter->handleRequest(NULL, Object(Config\Cache), false)
#4 C:\xampp\htdocs\belajar_ujikom\public\index.php(37): CodeIgniter\CodeIgniter->run()
#5 C:\xampp\htdocs\belajar_ujikom\system\Commands\Server\rewrite.php(45): require_once('C:\\xampp\\htdocs...')
#6 {main}
CRITICAL - 2021-07-04 00:52:58 --> Undefined variable: validation
#0 C:\xampp\htdocs\belajar_ujikom\app\Views\tambah.php(9): CodeIgniter\Debug\Exceptions->errorHandler(8, 'Undefined varia...', 'C:\\xampp\\htdocs...', 9, Array)
#1 C:\xampp\htdocs\belajar_ujikom\system\View\View.php(230): include('C:\\xampp\\htdocs...')
#2 C:\xampp\htdocs\belajar_ujikom\system\View\View.php(232): CodeIgniter\View\View->CodeIgniter\View\{closure}()
#3 C:\xampp\htdocs\belajar_ujikom\system\Common.php(1271): CodeIgniter\View\View->render('tambah', Array, true)
#4 C:\xampp\htdocs\belajar_ujikom\app\Controllers\Mahasiswa.php(33): view('tambah', Array)
#5 C:\xampp\htdocs\belajar_ujikom\system\CodeIgniter.php(928): App\Controllers\Mahasiswa->tambah()
#6 C:\xampp\htdocs\belajar_ujikom\system\CodeIgniter.php(436): CodeIgniter\CodeIgniter->runController(Object(App\Controllers\Mahasiswa))
#7 C:\xampp\htdocs\belajar_ujikom\system\CodeIgniter.php(336): CodeIgniter\CodeIgniter->handleRequest(NULL, Object(Config\Cache), false)
#8 C:\xampp\htdocs\belajar_ujikom\public\index.php(37): CodeIgniter\CodeIgniter->run()
#9 C:\xampp\htdocs\belajar_ujikom\system\Commands\Server\rewrite.php(45): require_once('C:\\xampp\\htdocs...')
#10 {main}
CRITICAL - 2021-07-04 08:04:04 --> Argument 1 passed to CodeIgniter\HTTP\RedirectResponse::back() must be of the type int or null, string given, called in C:\xampp\htdocs\belajar_ujikom\app\Controllers\Mahasiswa.php on line 52
#0 C:\xampp\htdocs\belajar_ujikom\app\Controllers\Mahasiswa.php(52): CodeIgniter\HTTP\RedirectResponse->back('/mahasiswa/tamb...')
#1 C:\xampp\htdocs\belajar_ujikom\system\CodeIgniter.php(928): App\Controllers\Mahasiswa->simpan()
#2 C:\xampp\htdocs\belajar_ujikom\system\CodeIgniter.php(436): CodeIgniter\CodeIgniter->runController(Object(App\Controllers\Mahasiswa))
#3 C:\xampp\htdocs\belajar_ujikom\system\CodeIgniter.php(336): CodeIgniter\CodeIgniter->handleRequest(NULL, Object(Config\Cache), false)
#4 C:\xampp\htdocs\belajar_ujikom\public\index.php(37): CodeIgniter\CodeIgniter->run()
#5 C:\xampp\htdocs\belajar_ujikom\system\Commands\Server\rewrite.php(45): require_once('C:\\xampp\\htdocs...')
#6 {main}
ERROR - 2021-07-04 10:28:50 --> Column 'id' in where clause is ambiguous
CRITICAL - 2021-07-04 10:28:50 --> Column 'id' in where clause is ambiguous
#0 C:\xampp\htdocs\belajar_ujikom\system\Database\MySQLi\Connection.php(329): mysqli->query('SELECT `tb_maha...')
#1 C:\xampp\htdocs\belajar_ujikom\system\Database\BaseConnection.php(732): CodeIgniter\Database\MySQLi\Connection->execute('SELECT `tb_maha...')
#2 C:\xampp\htdocs\belajar_ujikom\system\Database\BaseConnection.php(647): CodeIgniter\Database\BaseConnection->simpleQuery('SELECT `tb_maha...')
#3 C:\xampp\htdocs\belajar_ujikom\system\Database\BaseBuilder.php(1881): CodeIgniter\Database\BaseConnection->query('SELECT `tb_maha...', Array, false)
#4 C:\xampp\htdocs\belajar_ujikom\system\Model.php(800): CodeIgniter\Database\BaseBuilder->get()
#5 C:\xampp\htdocs\belajar_ujikom\app\Models\Mahasiswa_model.php(28): CodeIgniter\Model->__call('get', Array)
#6 C:\xampp\htdocs\belajar_ujikom\app\Controllers\Mahasiswa.php(66): App\Models\Mahasiswa_model->getMhs('17TI150')
#7 C:\xampp\htdocs\belajar_ujikom\system\CodeIgniter.php(928): App\Controllers\Mahasiswa->edit('17TI150')
#8 C:\xampp\htdocs\belajar_ujikom\system\CodeIgniter.php(436): CodeIgniter\CodeIgniter->runController(Object(App\Controllers\Mahasiswa))
#9 C:\xampp\htdocs\belajar_ujikom\system\CodeIgniter.php(336): CodeIgniter\CodeIgniter->handleRequest(NULL, Object(Config\Cache), false)
#10 C:\xampp\htdocs\belajar_ujikom\public\index.php(37): CodeIgniter\CodeIgniter->run()
#11 C:\xampp\htdocs\belajar_ujikom\system\Commands\Server\rewrite.php(45): require_once('C:\\xampp\\htdocs...')
#12 {main}
ERROR - 2021-07-04 10:29:10 --> Unknown column 'tb_mahasisw.id' in 'where clause'
CRITICAL - 2021-07-04 10:29:10 --> Unknown column 'tb_mahasisw.id' in 'where clause'
#0 C:\xampp\htdocs\belajar_ujikom\system\Database\MySQLi\Connection.php(329): mysqli->query('SELECT `tb_maha...')
#1 C:\xampp\htdocs\belajar_ujikom\system\Database\BaseConnection.php(732): CodeIgniter\Database\MySQLi\Connection->execute('SELECT `tb_maha...')
#2 C:\xampp\htdocs\belajar_ujikom\system\Database\BaseConnection.php(647): CodeIgniter\Database\BaseConnection->simpleQuery('SELECT `tb_maha...')
#3 C:\xampp\htdocs\belajar_ujikom\system\Database\BaseBuilder.php(1881): CodeIgniter\Database\BaseConnection->query('SELECT `tb_maha...', Array, false)
#4 C:\xampp\htdocs\belajar_ujikom\system\Model.php(800): CodeIgniter\Database\BaseBuilder->get()
#5 C:\xampp\htdocs\belajar_ujikom\app\Models\Mahasiswa_model.php(28): CodeIgniter\Model->__call('get', Array)
#6 C:\xampp\htdocs\belajar_ujikom\app\Controllers\Mahasiswa.php(66): App\Models\Mahasiswa_model->getMhs('17TI150')
#7 C:\xampp\htdocs\belajar_ujikom\system\CodeIgniter.php(928): App\Controllers\Mahasiswa->edit('17TI150')
#8 C:\xampp\htdocs\belajar_ujikom\system\CodeIgniter.php(436): CodeIgniter\CodeIgniter->runController(Object(App\Controllers\Mahasiswa))
#9 C:\xampp\htdocs\belajar_ujikom\system\CodeIgniter.php(336): CodeIgniter\CodeIgniter->handleRequest(NULL, Object(Config\Cache), false)
#10 C:\xampp\htdocs\belajar_ujikom\public\index.php(37): CodeIgniter\CodeIgniter->run()
#11 C:\xampp\htdocs\belajar_ujikom\system\Commands\Server\rewrite.php(45): require_once('C:\\xampp\\htdocs...')
#12 {main}
CRITICAL - 2021-07-04 10:29:16 --> Call to undefined method App\Models\Mahasiswa_model::getJurusan
#0 C:\xampp\htdocs\belajar_ujikom\app\Controllers\Mahasiswa.php(67): CodeIgniter\Model->__call('getJurusan', Array)
#1 C:\xampp\htdocs\belajar_ujikom\system\CodeIgniter.php(928): App\Controllers\Mahasiswa->edit('17TI150')
#2 C:\xampp\htdocs\belajar_ujikom\system\CodeIgniter.php(436): CodeIgniter\CodeIgniter->runController(Object(App\Controllers\Mahasiswa))
#3 C:\xampp\htdocs\belajar_ujikom\system\CodeIgniter.php(336): CodeIgniter\CodeIgniter->handleRequest(NULL, Object(Config\Cache), false)
#4 C:\xampp\htdocs\belajar_ujikom\public\index.php(37): CodeIgniter\CodeIgniter->run()
#5 C:\xampp\htdocs\belajar_ujikom\system\Commands\Server\rewrite.php(45): require_once('C:\\xampp\\htdocs...')
#6 {main}
CRITICAL - 2021-07-04 10:29:44 --> Call to undefined method App\Models\Mahasiswa_model::getJurusan
#0 C:\xampp\htdocs\belajar_ujikom\app\Controllers\Mahasiswa.php(67): CodeIgniter\Model->__call('getJurusan', Array)
#1 C:\xampp\htdocs\belajar_ujikom\system\CodeIgniter.php(928): App\Controllers\Mahasiswa->edit('17TI150')
#2 C:\xampp\htdocs\belajar_ujikom\system\CodeIgniter.php(436): CodeIgniter\CodeIgniter->runController(Object(App\Controllers\Mahasiswa))
#3 C:\xampp\htdocs\belajar_ujikom\system\CodeIgniter.php(336): CodeIgniter\CodeIgniter->handleRequest(NULL, Object(Config\Cache), false)
#4 C:\xampp\htdocs\belajar_ujikom\public\index.php(37): CodeIgniter\CodeIgniter->run()
#5 C:\xampp\htdocs\belajar_ujikom\system\Commands\Server\rewrite.php(45): require_once('C:\\xampp\\htdocs...')
#6 {main}
CRITICAL - 2021-07-04 10:29:46 --> Call to undefined method App\Models\Mahasiswa_model::getJurusan
#0 C:\xampp\htdocs\belajar_ujikom\app\Controllers\Mahasiswa.php(67): CodeIgniter\Model->__call('getJurusan', Array)
#1 C:\xampp\htdocs\belajar_ujikom\system\CodeIgniter.php(928): App\Controllers\Mahasiswa->edit('17TI150')
#2 C:\xampp\htdocs\belajar_ujikom\system\CodeIgniter.php(436): CodeIgniter\CodeIgniter->runController(Object(App\Controllers\Mahasiswa))
#3 C:\xampp\htdocs\belajar_ujikom\system\CodeIgniter.php(336): CodeIgniter\CodeIgniter->handleRequest(NULL, Object(Config\Cache), false)
#4 C:\xampp\htdocs\belajar_ujikom\public\index.php(37): CodeIgniter\CodeIgniter->run()
#5 C:\xampp\htdocs\belajar_ujikom\system\Commands\Server\rewrite.php(45): require_once('C:\\xampp\\htdocs...')
#6 {main}
CRITICAL - 2021-07-04 10:29:57 --> Undefined index: nim
#0 C:\xampp\htdocs\belajar_ujikom\app\Views\v_edit.php(9): CodeIgniter\Debug\Exceptions->errorHandler(8, 'Undefined index...', 'C:\\xampp\\htdocs...', 9, Array)
#1 C:\xampp\htdocs\belajar_ujikom\system\View\View.php(230): include('C:\\xampp\\htdocs...')
#2 C:\xampp\htdocs\belajar_ujikom\system\View\View.php(232): CodeIgniter\View\View->CodeIgniter\View\{closure}()
#3 C:\xampp\htdocs\belajar_ujikom\system\Common.php(1271): CodeIgniter\View\View->render('v_edit', Array, true)
#4 C:\xampp\htdocs\belajar_ujikom\app\Controllers\Mahasiswa.php(69): view('v_edit', Array)
#5 C:\xampp\htdocs\belajar_ujikom\system\CodeIgniter.php(928): App\Controllers\Mahasiswa->edit('17TI150')
#6 C:\xampp\htdocs\belajar_ujikom\system\CodeIgniter.php(436): CodeIgniter\CodeIgniter->runController(Object(App\Controllers\Mahasiswa))
#7 C:\xampp\htdocs\belajar_ujikom\system\CodeIgniter.php(336): CodeIgniter\CodeIgniter->handleRequest(NULL, Object(Config\Cache), false)
#8 C:\xampp\htdocs\belajar_ujikom\public\index.php(37): CodeIgniter\CodeIgniter->run()
#9 C:\xampp\htdocs\belajar_ujikom\system\Commands\Server\rewrite.php(45): require_once('C:\\xampp\\htdocs...')
#10 {main}
CRITICAL - 2021-07-04 10:31:18 --> Undefined index: nim
#0 C:\xampp\htdocs\belajar_ujikom\app\Views\v_edit.php(9): CodeIgniter\Debug\Exceptions->errorHandler(8, 'Undefined index...', 'C:\\xampp\\htdocs...', 9, Array)
#1 C:\xampp\htdocs\belajar_ujikom\system\View\View.php(230): include('C:\\xampp\\htdocs...')
#2 C:\xampp\htdocs\belajar_ujikom\system\View\View.php(232): CodeIgniter\View\View->CodeIgniter\View\{closure}()
#3 C:\xampp\htdocs\belajar_ujikom\system\Common.php(1271): CodeIgniter\View\View->render('v_edit', Array, true)
#4 C:\xampp\htdocs\belajar_ujikom\app\Controllers\Mahasiswa.php(69): view('v_edit', Array)
#5 C:\xampp\htdocs\belajar_ujikom\system\CodeIgniter.php(928): App\Controllers\Mahasiswa->edit('17TI150')
#6 C:\xampp\htdocs\belajar_ujikom\system\CodeIgniter.php(436): CodeIgniter\CodeIgniter->runController(Object(App\Controllers\Mahasiswa))
#7 C:\xampp\htdocs\belajar_ujikom\system\CodeIgniter.php(336): CodeIgniter\CodeIgniter->handleRequest(NULL, Object(Config\Cache), false)
#8 C:\xampp\htdocs\belajar_ujikom\public\index.php(37): CodeIgniter\CodeIgniter->run()
#9 C:\xampp\htdocs\belajar_ujikom\system\Commands\Server\rewrite.php(45): require_once('C:\\xampp\\htdocs...')
#10 {main}
CRITICAL - 2021-07-04 10:32:52 --> Undefined index: nim
#0 C:\xampp\htdocs\belajar_ujikom\app\Views\v_edit.php(9): CodeIgniter\Debug\Exceptions->errorHandler(8, 'Undefined index...', 'C:\\xampp\\htdocs...', 9, Array)
#1 C:\xampp\htdocs\belajar_ujikom\system\View\View.php(230): include('C:\\xampp\\htdocs...')
#2 C:\xampp\htdocs\belajar_ujikom\system\View\View.php(232): CodeIgniter\View\View->CodeIgniter\View\{closure}()
#3 C:\xampp\htdocs\belajar_ujikom\system\Common.php(1271): CodeIgniter\View\View->render('v_edit', Array, true)
#4 C:\xampp\htdocs\belajar_ujikom\app\Controllers\Mahasiswa.php(69): view('v_edit', Array)
#5 C:\xampp\htdocs\belajar_ujikom\system\CodeIgniter.php(928): App\Controllers\Mahasiswa->edit('17TI150')
#6 C:\xampp\htdocs\belajar_ujikom\system\CodeIgniter.php(436): CodeIgniter\CodeIgniter->runController(Object(App\Controllers\Mahasiswa))
#7 C:\xampp\htdocs\belajar_ujikom\system\CodeIgniter.php(336): CodeIgniter\CodeIgniter->handleRequest(NULL, Object(Config\Cache), false)
#8 C:\xampp\htdocs\belajar_ujikom\public\index.php(37): CodeIgniter\CodeIgniter->run()
#9 C:\xampp\htdocs\belajar_ujikom\system\Commands\Server\rewrite.php(45): require_once('C:\\xampp\\htdocs...')
#10 {main}
CRITICAL - 2021-07-04 10:37:50 --> Undefined index: nim
#0 C:\xampp\htdocs\belajar_ujikom\app\Views\v_edit.php(9): CodeIgniter\Debug\Exceptions->errorHandler(8, 'Undefined index...', 'C:\\xampp\\htdocs...', 9, Array)
#1 C:\xampp\htdocs\belajar_ujikom\system\View\View.php(230): include('C:\\xampp\\htdocs...')
#2 C:\xampp\htdocs\belajar_ujikom\system\View\View.php(232): CodeIgniter\View\View->CodeIgniter\View\{closure}()
#3 C:\xampp\htdocs\belajar_ujikom\system\Common.php(1271): CodeIgniter\View\View->render('v_edit', Array, true)
#4 C:\xampp\htdocs\belajar_ujikom\app\Controllers\Mahasiswa.php(69): view('v_edit', Array)
#5 C:\xampp\htdocs\belajar_ujikom\system\CodeIgniter.php(928): App\Controllers\Mahasiswa->edit('17TI150')
#6 C:\xampp\htdocs\belajar_ujikom\system\CodeIgniter.php(436): CodeIgniter\CodeIgniter->runController(Object(App\Controllers\Mahasiswa))
#7 C:\xampp\htdocs\belajar_ujikom\system\CodeIgniter.php(336): CodeIgniter\CodeIgniter->handleRequest(NULL, Object(Config\Cache), false)
#8 C:\xampp\htdocs\belajar_ujikom\public\index.php(37): CodeIgniter\CodeIgniter->run()
#9 C:\xampp\htdocs\belajar_ujikom\system\Commands\Server\rewrite.php(45): require_once('C:\\xampp\\htdocs...')
#10 {main}
CRITICAL - 2021-07-04 10:44:17 --> Undefined variable: validation
#0 C:\xampp\htdocs\belajar_ujikom\app\Views\v_edit.php(9): CodeIgniter\Debug\Exceptions->errorHandler(8, 'Undefined varia...', 'C:\\xampp\\htdocs...', 9, Array)
#1 C:\xampp\htdocs\belajar_ujikom\system\View\View.php(230): include('C:\\xampp\\htdocs...')
#2 C:\xampp\htdocs\belajar_ujikom\system\View\View.php(232): CodeIgniter\View\View->CodeIgniter\View\{closure}()
#3 C:\xampp\htdocs\belajar_ujikom\system\Common.php(1271): CodeIgniter\View\View->render('v_edit', Array, true)
#4 C:\xampp\htdocs\belajar_ujikom\app\Controllers\Mahasiswa.php(69): view('v_edit', Array)
#5 C:\xampp\htdocs\belajar_ujikom\system\CodeIgniter.php(928): App\Controllers\Mahasiswa->edit('17TI150')
#6 C:\xampp\htdocs\belajar_ujikom\system\CodeIgniter.php(436): CodeIgniter\CodeIgniter->runController(Object(App\Controllers\Mahasiswa))
#7 C:\xampp\htdocs\belajar_ujikom\system\CodeIgniter.php(336): CodeIgniter\CodeIgniter->handleRequest(NULL, Object(Config\Cache), false)
#8 C:\xampp\htdocs\belajar_ujikom\public\index.php(37): CodeIgniter\CodeIgniter->run()
#9 C:\xampp\htdocs\belajar_ujikom\system\Commands\Server\rewrite.php(45): require_once('C:\\xampp\\htdocs...')
#10 {main}
CRITICAL - 2021-07-04 11:00:13 --> Too few arguments to function App\Controllers\Mahasiswa::update(), 0 passed in C:\xampp\htdocs\belajar_ujikom\system\CodeIgniter.php on line 928 and exactly 1 expected
#0 C:\xampp\htdocs\belajar_ujikom\system\CodeIgniter.php(928): App\Controllers\Mahasiswa->update()
#1 C:\xampp\htdocs\belajar_ujikom\system\CodeIgniter.php(436): CodeIgniter\CodeIgniter->runController(Object(App\Controllers\Mahasiswa))
#2 C:\xampp\htdocs\belajar_ujikom\system\CodeIgniter.php(336): CodeIgniter\CodeIgniter->handleRequest(NULL, Object(Config\Cache), false)
#3 C:\xampp\htdocs\belajar_ujikom\public\index.php(37): CodeIgniter\CodeIgniter->run()
#4 C:\xampp\htdocs\belajar_ujikom\system\Commands\Server\rewrite.php(45): require_once('C:\\xampp\\htdocs...')
#5 {main}
CRITICAL - 2021-07-04 11:06:23 --> Undefined index: id
#0 C:\xampp\htdocs\belajar_ujikom\app\Controllers\Mahasiswa.php(89): CodeIgniter\Debug\Exceptions->errorHandler(8, 'Undefined index...', 'C:\\xampp\\htdocs...', 89, Array)
#1 C:\xampp\htdocs\belajar_ujikom\system\CodeIgniter.php(928): App\Controllers\Mahasiswa->update('17TI150')
#2 C:\xampp\htdocs\belajar_ujikom\system\CodeIgniter.php(436): CodeIgniter\CodeIgniter->runController(Object(App\Controllers\Mahasiswa))
#3 C:\xampp\htdocs\belajar_ujikom\system\CodeIgniter.php(336): CodeIgniter\CodeIgniter->handleRequest(NULL, Object(Config\Cache), false)
#4 C:\xampp\htdocs\belajar_ujikom\public\index.php(37): CodeIgniter\CodeIgniter->run()
#5 C:\xampp\htdocs\belajar_ujikom\system\Commands\Server\rewrite.php(45): require_once('C:\\xampp\\htdocs...')
#6 {main}
CRITICAL - 2021-07-04 11:21:32 --> Call to undefined method App\Models\Jurusan_model::getJrs
#0 C:\xampp\htdocs\belajar_ujikom\app\Controllers\Jurusan.php(21): CodeIgniter\Model->__call('getJrs', Array)
#1 C:\xampp\htdocs\belajar_ujikom\system\CodeIgniter.php(928): App\Controllers\Jurusan->index()
#2 C:\xampp\htdocs\belajar_ujikom\system\CodeIgniter.php(436): CodeIgniter\CodeIgniter->runController(Object(App\Controllers\Jurusan))
#3 C:\xampp\htdocs\belajar_ujikom\system\CodeIgniter.php(336): CodeIgniter\CodeIgniter->handleRequest(NULL, Object(Config\Cache), false)
#4 C:\xampp\htdocs\belajar_ujikom\public\index.php(37): CodeIgniter\CodeIgniter->run()
#5 C:\xampp\htdocs\belajar_ujikom\system\Commands\Server\rewrite.php(45): require_once('C:\\xampp\\htdocs...')
#6 {main}
CRITICAL - 2021-07-04 11:25:17 --> Call to undefined method App\Models\Jurusan_model::getJrs
#0 C:\xampp\htdocs\belajar_ujikom\app\Controllers\Jurusan.php(21): CodeIgniter\Model->__call('getJrs', Array)
#1 C:\xampp\htdocs\belajar_ujikom\system\CodeIgniter.php(928): App\Controllers\Jurusan->index()
#2 C:\xampp\htdocs\belajar_ujikom\system\CodeIgniter.php(436): CodeIgniter\CodeIgniter->runController(Object(App\Controllers\Jurusan))
#3 C:\xampp\htdocs\belajar_ujikom\system\CodeIgniter.php(336): CodeIgniter\CodeIgniter->handleRequest(NULL, Object(Config\Cache), false)
#4 C:\xampp\htdocs\belajar_ujikom\public\index.php(37): CodeIgniter\CodeIgniter->run()
#5 C:\xampp\htdocs\belajar_ujikom\system\Commands\Server\rewrite.php(45): require_once('C:\\xampp\\htdocs...')
#6 {main}
CRITICAL - 2021-07-04 11:25:24 --> Call to undefined method App\Models\Jurusan_model::getJrs
#0 C:\xampp\htdocs\belajar_ujikom\app\Controllers\Jurusan.php(21): CodeIgniter\Model->__call('getJrs', Array)
#1 C:\xampp\htdocs\belajar_ujikom\system\CodeIgniter.php(928): App\Controllers\Jurusan->index()
#2 C:\xampp\htdocs\belajar_ujikom\system\CodeIgniter.php(436): CodeIgniter\CodeIgniter->runController(Object(App\Controllers\Jurusan))
#3 C:\xampp\htdocs\belajar_ujikom\system\CodeIgniter.php(336): CodeIgniter\CodeIgniter->handleRequest(NULL, Object(Config\Cache), false)
#4 C:\xampp\htdocs\belajar_ujikom\public\index.php(37): CodeIgniter\CodeIgniter->run()
#5 C:\xampp\htdocs\belajar_ujikom\system\Commands\Server\rewrite.php(45): require_once('C:\\xampp\\htdocs...')
#6 {main}
CRITICAL - 2021-07-04 11:26:07 --> Call to undefined method App\Models\Jurusan_model::getJrs
#0 C:\xampp\htdocs\belajar_ujikom\app\Controllers\Jurusan.php(21): CodeIgniter\Model->__call('getJrs', Array)
#1 C:\xampp\htdocs\belajar_ujikom\system\CodeIgniter.php(928): App\Controllers\Jurusan->index()
#2 C:\xampp\htdocs\belajar_ujikom\system\CodeIgniter.php(436): CodeIgniter\CodeIgniter->runController(Object(App\Controllers\Jurusan))
#3 C:\xampp\htdocs\belajar_ujikom\system\CodeIgniter.php(336): CodeIgniter\CodeIgniter->handleRequest(NULL, Object(Config\Cache), false)
#4 C:\xampp\htdocs\belajar_ujikom\public\index.php(37): CodeIgniter\CodeIgniter->run()
#5 C:\xampp\htdocs\belajar_ujikom\system\Commands\Server\rewrite.php(45): require_once('C:\\xampp\\htdocs...')
#6 {main}
CRITICAL - 2021-07-04 11:26:36 --> Call to undefined method App\Models\Jurusan_model::getJrs
#0 C:\xampp\htdocs\belajar_ujikom\app\Controllers\Jurusan.php(21): CodeIgniter\Model->__call('getJrs', Array)
#1 C:\xampp\htdocs\belajar_ujikom\system\CodeIgniter.php(928): App\Controllers\Jurusan->index()
#2 C:\xampp\htdocs\belajar_ujikom\system\CodeIgniter.php(436): CodeIgniter\CodeIgniter->runController(Object(App\Controllers\Jurusan))
#3 C:\xampp\htdocs\belajar_ujikom\system\CodeIgniter.php(336): CodeIgniter\CodeIgniter->handleRequest(NULL, Object(Config\Cache), false)
#4 C:\xampp\htdocs\belajar_ujikom\public\index.php(37): CodeIgniter\CodeIgniter->run()
#5 C:\xampp\htdocs\belajar_ujikom\system\Commands\Server\rewrite.php(45): require_once('C:\\xampp\\htdocs...')
#6 {main}
CRITICAL - 2021-07-04 11:26:37 --> Call to undefined method App\Models\Jurusan_model::getJrs
#0 C:\xampp\htdocs\belajar_ujikom\app\Controllers\Jurusan.php(21): CodeIgniter\Model->__call('getJrs', Array)
#1 C:\xampp\htdocs\belajar_ujikom\system\CodeIgniter.php(928): App\Controllers\Jurusan->index()
#2 C:\xampp\htdocs\belajar_ujikom\system\CodeIgniter.php(436): CodeIgniter\CodeIgniter->runController(Object(App\Controllers\Jurusan))
#3 C:\xampp\htdocs\belajar_ujikom\system\CodeIgniter.php(336): CodeIgniter\CodeIgniter->handleRequest(NULL, Object(Config\Cache), false)
#4 C:\xampp\htdocs\belajar_ujikom\public\index.php(37): CodeIgniter\CodeIgniter->run()
#5 C:\xampp\htdocs\belajar_ujikom\system\Commands\Server\rewrite.php(45): require_once('C:\\xampp\\htdocs...')
#6 {main}
CRITICAL - 2021-07-04 11:26:37 --> Call to undefined method App\Models\Jurusan_model::getJrs
#0 C:\xampp\htdocs\belajar_ujikom\app\Controllers\Jurusan.php(21): CodeIgniter\Model->__call('getJrs', Array)
#1 C:\xampp\htdocs\belajar_ujikom\system\CodeIgniter.php(928): App\Controllers\Jurusan->index()
#2 C:\xampp\htdocs\belajar_ujikom\system\CodeIgniter.php(436): CodeIgniter\CodeIgniter->runController(Object(App\Controllers\Jurusan))
#3 C:\xampp\htdocs\belajar_ujikom\system\CodeIgniter.php(336): CodeIgniter\CodeIgniter->handleRequest(NULL, Object(Config\Cache), false)
#4 C:\xampp\htdocs\belajar_ujikom\public\index.php(37): CodeIgniter\CodeIgniter->run()
#5 C:\xampp\htdocs\belajar_ujikom\system\Commands\Server\rewrite.php(45): require_once('C:\\xampp\\htdocs...')
#6 {main}
CRITICAL - 2021-07-04 11:26:52 --> Cannot use object of type stdClass as array
#0 C:\xampp\htdocs\belajar_ujikom\system\View\View.php(230): include()
#1 C:\xampp\htdocs\belajar_ujikom\system\View\View.php(232): CodeIgniter\View\View->CodeIgniter\View\{closure}()
#2 C:\xampp\htdocs\belajar_ujikom\system\Common.php(1271): CodeIgniter\View\View->render('jurusan/v_jurus...', Array, true)
#3 C:\xampp\htdocs\belajar_ujikom\app\Controllers\Jurusan.php(23): view('jurusan/v_jurus...', Array)
#4 C:\xampp\htdocs\belajar_ujikom\system\CodeIgniter.php(928): App\Controllers\Jurusan->index()
#5 C:\xampp\htdocs\belajar_ujikom\system\CodeIgniter.php(436): CodeIgniter\CodeIgniter->runController(Object(App\Controllers\Jurusan))
#6 C:\xampp\htdocs\belajar_ujikom\system\CodeIgniter.php(336): CodeIgniter\CodeIgniter->handleRequest(NULL, Object(Config\Cache), false)
#7 C:\xampp\htdocs\belajar_ujikom\public\index.php(37): CodeIgniter\CodeIgniter->run()
#8 C:\xampp\htdocs\belajar_ujikom\system\Commands\Server\rewrite.php(45): require_once('C:\\xampp\\htdocs...')
#9 {main}
CRITICAL - 2021-07-04 11:31:34 --> Cannot use object of type stdClass as array
#0 C:\xampp\htdocs\belajar_ujikom\system\View\View.php(230): include()
#1 C:\xampp\htdocs\belajar_ujikom\system\View\View.php(232): CodeIgniter\View\View->CodeIgniter\View\{closure}()
#2 C:\xampp\htdocs\belajar_ujikom\system\Common.php(1271): CodeIgniter\View\View->render('jurusan/v_jurus...', Array, true)
#3 C:\xampp\htdocs\belajar_ujikom\app\Controllers\Jurusan.php(23): view('jurusan/v_jurus...', Array)
#4 C:\xampp\htdocs\belajar_ujikom\system\CodeIgniter.php(928): App\Controllers\Jurusan->index()
#5 C:\xampp\htdocs\belajar_ujikom\system\CodeIgniter.php(436): CodeIgniter\CodeIgniter->runController(Object(App\Controllers\Jurusan))
#6 C:\xampp\htdocs\belajar_ujikom\system\CodeIgniter.php(336): CodeIgniter\CodeIgniter->handleRequest(NULL, Object(Config\Cache), false)
#7 C:\xampp\htdocs\belajar_ujikom\public\index.php(37): CodeIgniter\CodeIgniter->run()
#8 C:\xampp\htdocs\belajar_ujikom\system\Commands\Server\rewrite.php(45): require_once('C:\\xampp\\htdocs...')
#9 {main}
CRITICAL - 2021-07-04 11:31:44 --> Cannot use object of type stdClass as array
#0 C:\xampp\htdocs\belajar_ujikom\system\View\View.php(230): include()
#1 C:\xampp\htdocs\belajar_ujikom\system\View\View.php(232): CodeIgniter\View\View->CodeIgniter\View\{closure}()
#2 C:\xampp\htdocs\belajar_ujikom\system\Common.php(1271): CodeIgniter\View\View->render('jurusan/v_jurus...', Array, true)
#3 C:\xampp\htdocs\belajar_ujikom\app\Controllers\Jurusan.php(23): view('jurusan/v_jurus...', Array)
#4 C:\xampp\htdocs\belajar_ujikom\system\CodeIgniter.php(928): App\Controllers\Jurusan->index()
#5 C:\xampp\htdocs\belajar_ujikom\system\CodeIgniter.php(436): CodeIgniter\CodeIgniter->runController(Object(App\Controllers\Jurusan))
#6 C:\xampp\htdocs\belajar_ujikom\system\CodeIgniter.php(336): CodeIgniter\CodeIgniter->handleRequest(NULL, Object(Config\Cache), false)
#7 C:\xampp\htdocs\belajar_ujikom\public\index.php(37): CodeIgniter\CodeIgniter->run()
#8 C:\xampp\htdocs\belajar_ujikom\system\Commands\Server\rewrite.php(45): require_once('C:\\xampp\\htdocs...')
#9 {main}
CRITICAL - 2021-07-04 11:34:19 --> Cannot use object of type stdClass as array
#0 C:\xampp\htdocs\belajar_ujikom\system\View\View.php(230): include()
#1 C:\xampp\htdocs\belajar_ujikom\system\View\View.php(232): CodeIgniter\View\View->CodeIgniter\View\{closure}()
#2 C:\xampp\htdocs\belajar_ujikom\system\Common.php(1271): CodeIgniter\View\View->render('jurusan/v_jurus...', Array, true)
#3 C:\xampp\htdocs\belajar_ujikom\app\Controllers\Jurusan.php(23): view('jurusan/v_jurus...', Array)
#4 C:\xampp\htdocs\belajar_ujikom\system\CodeIgniter.php(928): App\Controllers\Jurusan->index()
#5 C:\xampp\htdocs\belajar_ujikom\system\CodeIgniter.php(436): CodeIgniter\CodeIgniter->runController(Object(App\Controllers\Jurusan))
#6 C:\xampp\htdocs\belajar_ujikom\system\CodeIgniter.php(336): CodeIgniter\CodeIgniter->handleRequest(NULL, Object(Config\Cache), false)
#7 C:\xampp\htdocs\belajar_ujikom\public\index.php(37): CodeIgniter\CodeIgniter->run()
#8 C:\xampp\htdocs\belajar_ujikom\system\Commands\Server\rewrite.php(45): require_once('C:\\xampp\\htdocs...')
#9 {main}
CRITICAL - 2021-07-04 11:34:20 --> Cannot use object of type stdClass as array
#0 C:\xampp\htdocs\belajar_ujikom\system\View\View.php(230): include()
#1 C:\xampp\htdocs\belajar_ujikom\system\View\View.php(232): CodeIgniter\View\View->CodeIgniter\View\{closure}()
#2 C:\xampp\htdocs\belajar_ujikom\system\Common.php(1271): CodeIgniter\View\View->render('jurusan/v_jurus...', Array, true)
#3 C:\xampp\htdocs\belajar_ujikom\app\Controllers\Jurusan.php(23): view('jurusan/v_jurus...', Array)
#4 C:\xampp\htdocs\belajar_ujikom\system\CodeIgniter.php(928): App\Controllers\Jurusan->index()
#5 C:\xampp\htdocs\belajar_ujikom\system\CodeIgniter.php(436): CodeIgniter\CodeIgniter->runController(Object(App\Controllers\Jurusan))
#6 C:\xampp\htdocs\belajar_ujikom\system\CodeIgniter.php(336): CodeIgniter\CodeIgniter->handleRequest(NULL, Object(Config\Cache), false)
#7 C:\xampp\htdocs\belajar_ujikom\public\index.php(37): CodeIgniter\CodeIgniter->run()
#8 C:\xampp\htdocs\belajar_ujikom\system\Commands\Server\rewrite.php(45): require_once('C:\\xampp\\htdocs...')
#9 {main}
CRITICAL - 2021-07-04 11:34:36 --> Undefined index: nim
#0 C:\xampp\htdocs\belajar_ujikom\app\Views\jurusan\v_jurusan.php(42): CodeIgniter\Debug\Exceptions->errorHandler(8, 'Undefined index...', 'C:\\xampp\\htdocs...', 42, Array)
#1 C:\xampp\htdocs\belajar_ujikom\system\View\View.php(230): include('C:\\xampp\\htdocs...')
#2 C:\xampp\htdocs\belajar_ujikom\system\View\View.php(232): CodeIgniter\View\View->CodeIgniter\View\{closure}()
#3 C:\xampp\htdocs\belajar_ujikom\system\Common.php(1271): CodeIgniter\View\View->render('jurusan/v_jurus...', Array, true)
#4 C:\xampp\htdocs\belajar_ujikom\app\Controllers\Jurusan.php(23): view('jurusan/v_jurus...', Array)
#5 C:\xampp\htdocs\belajar_ujikom\system\CodeIgniter.php(928): App\Controllers\Jurusan->index()
#6 C:\xampp\htdocs\belajar_ujikom\system\CodeIgniter.php(436): CodeIgniter\CodeIgniter->runController(Object(App\Controllers\Jurusan))
#7 C:\xampp\htdocs\belajar_ujikom\system\CodeIgniter.php(336): CodeIgniter\CodeIgniter->handleRequest(NULL, Object(Config\Cache), false)
#8 C:\xampp\htdocs\belajar_ujikom\public\index.php(37): CodeIgniter\CodeIgniter->run()
#9 C:\xampp\htdocs\belajar_ujikom\system\Commands\Server\rewrite.php(45): require_once('C:\\xampp\\htdocs...')
#10 {main}
CRITICAL - 2021-07-04 11:38:07 --> Illegal string offset 'kd_jurusan'
#0 C:\xampp\htdocs\belajar_ujikom\app\Views\jurusan\v_jurusan.php(38): CodeIgniter\Debug\Exceptions->errorHandler(2, 'Illegal string ...', 'C:\\xampp\\htdocs...', 38, Array)
#1 C:\xampp\htdocs\belajar_ujikom\system\View\View.php(230): include('C:\\xampp\\htdocs...')
#2 C:\xampp\htdocs\belajar_ujikom\system\View\View.php(232): CodeIgniter\View\View->CodeIgniter\View\{closure}()
#3 C:\xampp\htdocs\belajar_ujikom\system\Common.php(1271): CodeIgniter\View\View->render('jurusan/v_jurus...', Array, true)
#4 C:\xampp\htdocs\belajar_ujikom\app\Controllers\Jurusan.php(32): view('jurusan/v_jurus...', Array)
#5 C:\xampp\htdocs\belajar_ujikom\system\CodeIgniter.php(928): App\Controllers\Jurusan->edit('j01')
#6 C:\xampp\htdocs\belajar_ujikom\system\CodeIgniter.php(436): CodeIgniter\CodeIgniter->runController(Object(App\Controllers\Jurusan))
#7 C:\xampp\htdocs\belajar_ujikom\system\CodeIgniter.php(336): CodeIgniter\CodeIgniter->handleRequest(NULL, Object(Config\Cache), false)
#8 C:\xampp\htdocs\belajar_ujikom\public\index.php(37): CodeIgniter\CodeIgniter->run()
#9 C:\xampp\htdocs\belajar_ujikom\system\Commands\Server\rewrite.php(45): require_once('C:\\xampp\\htdocs...')
#10 {main}
CRITICAL - 2021-07-04 11:38:12 --> Illegal string offset 'kd_jurusan'
#0 C:\xampp\htdocs\belajar_ujikom\app\Views\jurusan\v_jurusan.php(38): CodeIgniter\Debug\Exceptions->errorHandler(2, 'Illegal string ...', 'C:\\xampp\\htdocs...', 38, Array)
#1 C:\xampp\htdocs\belajar_ujikom\system\View\View.php(230): include('C:\\xampp\\htdocs...')
#2 C:\xampp\htdocs\belajar_ujikom\system\View\View.php(232): CodeIgniter\View\View->CodeIgniter\View\{closure}()
#3 C:\xampp\htdocs\belajar_ujikom\system\Common.php(1271): CodeIgniter\View\View->render('jurusan/v_jurus...', Array, true)
#4 C:\xampp\htdocs\belajar_ujikom\app\Controllers\Jurusan.php(32): view('jurusan/v_jurus...', Array)
#5 C:\xampp\htdocs\belajar_ujikom\system\CodeIgniter.php(928): App\Controllers\Jurusan->edit('j01')
#6 C:\xampp\htdocs\belajar_ujikom\system\CodeIgniter.php(436): CodeIgniter\CodeIgniter->runController(Object(App\Controllers\Jurusan))
#7 C:\xampp\htdocs\belajar_ujikom\system\CodeIgniter.php(336): CodeIgniter\CodeIgniter->handleRequest(NULL, Object(Config\Cache), false)
#8 C:\xampp\htdocs\belajar_ujikom\public\index.php(37): CodeIgniter\CodeIgniter->run()
#9 C:\xampp\htdocs\belajar_ujikom\system\Commands\Server\rewrite.php(45): require_once('C:\\xampp\\htdocs...')
#10 {main}
CRITICAL - 2021-07-04 11:40:41 --> Undefined variable: validation
#0 C:\xampp\htdocs\belajar_ujikom\app\Views\jurusan\v_tambah.php(9): CodeIgniter\Debug\Exceptions->errorHandler(8, 'Undefined varia...', 'C:\\xampp\\htdocs...', 9, Array)
#1 C:\xampp\htdocs\belajar_ujikom\system\View\View.php(230): include('C:\\xampp\\htdocs...')
#2 C:\xampp\htdocs\belajar_ujikom\system\View\View.php(232): CodeIgniter\View\View->CodeIgniter\View\{closure}()
#3 C:\xampp\htdocs\belajar_ujikom\system\Common.php(1271): CodeIgniter\View\View->render('jurusan/v_tamba...', Array, true)
#4 C:\xampp\htdocs\belajar_ujikom\app\Controllers\Jurusan.php(28): view('jurusan/v_tamba...')
#5 C:\xampp\htdocs\belajar_ujikom\system\CodeIgniter.php(928): App\Controllers\Jurusan->tambah()
#6 C:\xampp\htdocs\belajar_ujikom\system\CodeIgniter.php(436): CodeIgniter\CodeIgniter->runController(Object(App\Controllers\Jurusan))
#7 C:\xampp\htdocs\belajar_ujikom\system\CodeIgniter.php(336): CodeIgniter\CodeIgniter->handleRequest(NULL, Object(Config\Cache), false)
#8 C:\xampp\htdocs\belajar_ujikom\public\index.php(37): CodeIgniter\CodeIgniter->run()
#9 C:\xampp\htdocs\belajar_ujikom\system\Commands\Server\rewrite.php(45): require_once('C:\\xampp\\htdocs...')
#10 {main}
CRITICAL - 2021-07-04 11:41:36 --> Undefined variable: getjurusan
#0 C:\xampp\htdocs\belajar_ujikom\app\Views\jurusan\v_tambah.php(43): CodeIgniter\Debug\Exceptions->errorHandler(8, 'Undefined varia...', 'C:\\xampp\\htdocs...', 43, Array)
#1 C:\xampp\htdocs\belajar_ujikom\system\View\View.php(230): include('C:\\xampp\\htdocs...')
#2 C:\xampp\htdocs\belajar_ujikom\system\View\View.php(232): CodeIgniter\View\View->CodeIgniter\View\{closure}()
#3 C:\xampp\htdocs\belajar_ujikom\system\Common.php(1271): CodeIgniter\View\View->render('jurusan/v_tamba...', Array, true)
#4 C:\xampp\htdocs\belajar_ujikom\app\Controllers\Jurusan.php(32): view('jurusan/v_tamba...', Array)
#5 C:\xampp\htdocs\belajar_ujikom\system\CodeIgniter.php(928): App\Controllers\Jurusan->tambah()
#6 C:\xampp\htdocs\belajar_ujikom\system\CodeIgniter.php(436): CodeIgniter\CodeIgniter->runController(Object(App\Controllers\Jurusan))
#7 C:\xampp\htdocs\belajar_ujikom\system\CodeIgniter.php(336): CodeIgniter\CodeIgniter->handleRequest(NULL, Object(Config\Cache), false)
#8 C:\xampp\htdocs\belajar_ujikom\public\index.php(37): CodeIgniter\CodeIgniter->run()
#9 C:\xampp\htdocs\belajar_ujikom\system\Commands\Server\rewrite.php(45): require_once('C:\\xampp\\htdocs...')
#10 {main}
ERROR - 2021-07-04 11:46:42 --> Unknown column 'updated_at' in 'field list'
CRITICAL - 2021-07-04 11:46:42 --> Unknown column 'updated_at' in 'field list'
#0 C:\xampp\htdocs\belajar_ujikom\system\Database\MySQLi\Connection.php(329): mysqli->query('UPDATE `tb_juru...')
#1 C:\xampp\htdocs\belajar_ujikom\system\Database\BaseConnection.php(732): CodeIgniter\Database\MySQLi\Connection->execute('UPDATE `tb_juru...')
#2 C:\xampp\htdocs\belajar_ujikom\system\Database\BaseConnection.php(647): CodeIgniter\Database\BaseConnection->simpleQuery('UPDATE `tb_juru...')
#3 C:\xampp\htdocs\belajar_ujikom\system\Database\BaseBuilder.php(2482): CodeIgniter\Database\BaseConnection->query('UPDATE `tb_juru...', Array, false)
#4 C:\xampp\htdocs\belajar_ujikom\system\Model.php(326): CodeIgniter\Database\BaseBuilder->update()
#5 C:\xampp\htdocs\belajar_ujikom\system\BaseModel.php(917): CodeIgniter\Model->doUpdate(Array, Array)
#6 C:\xampp\htdocs\belajar_ujikom\system\Model.php(718): CodeIgniter\BaseModel->update(Array, Array)
#7 C:\xampp\htdocs\belajar_ujikom\system\BaseModel.php(683): CodeIgniter\Model->update('j04', Array)
#8 C:\xampp\htdocs\belajar_ujikom\app\Controllers\Jurusan.php(49): CodeIgniter\BaseModel->save(Array)
#9 C:\xampp\htdocs\belajar_ujikom\system\CodeIgniter.php(928): App\Controllers\Jurusan->simpan()
#10 C:\xampp\htdocs\belajar_ujikom\system\CodeIgniter.php(436): CodeIgniter\CodeIgniter->runController(Object(App\Controllers\Jurusan))
#11 C:\xampp\htdocs\belajar_ujikom\system\CodeIgniter.php(336): CodeIgniter\CodeIgniter->handleRequest(NULL, Object(Config\Cache), false)
#12 C:\xampp\htdocs\belajar_ujikom\public\index.php(37): CodeIgniter\CodeIgniter->run()
#13 C:\xampp\htdocs\belajar_ujikom\system\Commands\Server\rewrite.php(45): require_once('C:\\xampp\\htdocs...')
#14 {main}
CRITICAL - 2021-07-04 11:53:40 --> Argument 2 passed to CodeIgniter\Validation\Rules::is_unique() must be of the type string, null given, called in C:\xampp\htdocs\belajar_ujikom\system\Validation\Validation.php on line 312
#0 C:\xampp\htdocs\belajar_ujikom\system\Validation\Validation.php(312): CodeIgniter\Validation\Rules->is_unique('17TI150', NULL)
#1 C:\xampp\htdocs\belajar_ujikom\system\Validation\Validation.php(159): CodeIgniter\Validation\Validation->processRules('nim', 'nim', '17TI150', Array, Array)
#2 C:\xampp\htdocs\belajar_ujikom\app\Controllers\Mahasiswa.php(50): CodeIgniter\Validation\Validation->run(Array, 'mhs_tambah')
#3 C:\xampp\htdocs\belajar_ujikom\system\CodeIgniter.php(928): App\Controllers\Mahasiswa->simpan()
#4 C:\xampp\htdocs\belajar_ujikom\system\CodeIgniter.php(436): CodeIgniter\CodeIgniter->runController(Object(App\Controllers\Mahasiswa))
#5 C:\xampp\htdocs\belajar_ujikom\system\CodeIgniter.php(336): CodeIgniter\CodeIgniter->handleRequest(NULL, Object(Config\Cache), false)
#6 C:\xampp\htdocs\belajar_ujikom\public\index.php(37): CodeIgniter\CodeIgniter->run()
#7 C:\xampp\htdocs\belajar_ujikom\system\Commands\Server\rewrite.php(45): require_once('C:\\xampp\\htdocs...')
#8 {main}
CRITICAL - 2021-07-04 11:54:38 --> Argument 2 passed to CodeIgniter\Validation\Rules::is_unique() must be of the type string, null given, called in C:\xampp\htdocs\belajar_ujikom\system\Validation\Validation.php on line 312
#0 C:\xampp\htdocs\belajar_ujikom\system\Validation\Validation.php(312): CodeIgniter\Validation\Rules->is_unique('17TI155', NULL)
#1 C:\xampp\htdocs\belajar_ujikom\system\Validation\Validation.php(159): CodeIgniter\Validation\Validation->processRules('nim', 'nim', '17TI155', Array, Array)
#2 C:\xampp\htdocs\belajar_ujikom\app\Controllers\Mahasiswa.php(50): CodeIgniter\Validation\Validation->run(Array, 'mhs_tambah')
#3 C:\xampp\htdocs\belajar_ujikom\system\CodeIgniter.php(928): App\Controllers\Mahasiswa->simpan()
#4 C:\xampp\htdocs\belajar_ujikom\system\CodeIgniter.php(436): CodeIgniter\CodeIgniter->runController(Object(App\Controllers\Mahasiswa))
#5 C:\xampp\htdocs\belajar_ujikom\system\CodeIgniter.php(336): CodeIgniter\CodeIgniter->handleRequest(NULL, Object(Config\Cache), false)
#6 C:\xampp\htdocs\belajar_ujikom\public\index.php(37): CodeIgniter\CodeIgniter->run()
#7 C:\xampp\htdocs\belajar_ujikom\system\Commands\Server\rewrite.php(45): require_once('C:\\xampp\\htdocs...')
#8 {main}
CRITICAL - 2021-07-04 12:06:13 --> Too few arguments to function App\Controllers\Jurusan::update(), 0 passed in C:\xampp\htdocs\belajar_ujikom\system\CodeIgniter.php on line 928 and exactly 1 expected
#0 C:\xampp\htdocs\belajar_ujikom\system\CodeIgniter.php(928): App\Controllers\Jurusan->update()
#1 C:\xampp\htdocs\belajar_ujikom\system\CodeIgniter.php(436): CodeIgniter\CodeIgniter->runController(Object(App\Controllers\Jurusan))
#2 C:\xampp\htdocs\belajar_ujikom\system\CodeIgniter.php(336): CodeIgniter\CodeIgniter->handleRequest(NULL, Object(Config\Cache), false)
#3 C:\xampp\htdocs\belajar_ujikom\public\index.php(37): CodeIgniter\CodeIgniter->run()
#4 C:\xampp\htdocs\belajar_ujikom\system\Commands\Server\rewrite.php(45): require_once('C:\\xampp\\htdocs...')
#5 {main}
CRITICAL - 2021-07-04 12:07:54 --> Too few arguments to function App\Controllers\Jurusan::update(), 0 passed in C:\xampp\htdocs\belajar_ujikom\system\CodeIgniter.php on line 928 and exactly 1 expected
#0 C:\xampp\htdocs\belajar_ujikom\system\CodeIgniter.php(928): App\Controllers\Jurusan->update()
#1 C:\xampp\htdocs\belajar_ujikom\system\CodeIgniter.php(436): CodeIgniter\CodeIgniter->runController(Object(App\Controllers\Jurusan))
#2 C:\xampp\htdocs\belajar_ujikom\system\CodeIgniter.php(336): CodeIgniter\CodeIgniter->handleRequest(NULL, Object(Config\Cache), false)
#3 C:\xampp\htdocs\belajar_ujikom\public\index.php(37): CodeIgniter\CodeIgniter->run()
#4 C:\xampp\htdocs\belajar_ujikom\system\Commands\Server\rewrite.php(45): require_once('C:\\xampp\\htdocs...')
#5 {main}
CRITICAL - 2021-07-04 12:07:56 --> Undefined variable: edit
#0 C:\xampp\htdocs\belajar_ujikom\app\Views\jurusan\v_edit.php(6): CodeIgniter\Debug\Exceptions->errorHandler(8, 'Undefined varia...', 'C:\\xampp\\htdocs...', 6, Array)
#1 C:\xampp\htdocs\belajar_ujikom\system\View\View.php(230): include('C:\\xampp\\htdocs...')
#2 C:\xampp\htdocs\belajar_ujikom\system\View\View.php(232): CodeIgniter\View\View->CodeIgniter\View\{closure}()
#3 C:\xampp\htdocs\belajar_ujikom\system\Common.php(1271): CodeIgniter\View\View->render('jurusan/v_edit', Array, true)
#4 C:\xampp\htdocs\belajar_ujikom\app\Controllers\Jurusan.php(64): view('jurusan/v_edit', Array)
#5 C:\xampp\htdocs\belajar_ujikom\system\CodeIgniter.php(928): App\Controllers\Jurusan->edit('j04')
#6 C:\xampp\htdocs\belajar_ujikom\system\CodeIgniter.php(436): CodeIgniter\CodeIgniter->runController(Object(App\Controllers\Jurusan))
#7 C:\xampp\htdocs\belajar_ujikom\system\CodeIgniter.php(336): CodeIgniter\CodeIgniter->handleRequest(NULL, Object(Config\Cache), false)
#8 C:\xampp\htdocs\belajar_ujikom\public\index.php(37): CodeIgniter\CodeIgniter->run()
#9 C:\xampp\htdocs\belajar_ujikom\system\Commands\Server\rewrite.php(45): require_once('C:\\xampp\\htdocs...')
#10 {main}
CRITICAL - 2021-07-04 12:08:36 --> Too few arguments to function App\Controllers\Jurusan::edit(), 0 passed in C:\xampp\htdocs\belajar_ujikom\system\CodeIgniter.php on line 928 and exactly 1 expected
#0 C:\xampp\htdocs\belajar_ujikom\system\CodeIgniter.php(928): App\Controllers\Jurusan->edit()
#1 C:\xampp\htdocs\belajar_ujikom\system\CodeIgniter.php(436): CodeIgniter\CodeIgniter->runController(Object(App\Controllers\Jurusan))
#2 C:\xampp\htdocs\belajar_ujikom\system\CodeIgniter.php(336): CodeIgniter\CodeIgniter->handleRequest(NULL, Object(Config\Cache), false)
#3 C:\xampp\htdocs\belajar_ujikom\public\index.php(37): CodeIgniter\CodeIgniter->run()
#4 C:\xampp\htdocs\belajar_ujikom\system\Commands\Server\rewrite.php(45): require_once('C:\\xampp\\htdocs...')
#5 {main}
CRITICAL - 2021-07-04 12:09:26 --> Too few arguments to function App\Controllers\Jurusan::edit(), 0 passed in C:\xampp\htdocs\belajar_ujikom\system\CodeIgniter.php on line 928 and exactly 1 expected
#0 C:\xampp\htdocs\belajar_ujikom\system\CodeIgniter.php(928): App\Controllers\Jurusan->edit()
#1 C:\xampp\htdocs\belajar_ujikom\system\CodeIgniter.php(436): CodeIgniter\CodeIgniter->runController(Object(App\Controllers\Jurusan))
#2 C:\xampp\htdocs\belajar_ujikom\system\CodeIgniter.php(336): CodeIgniter\CodeIgniter->handleRequest(NULL, Object(Config\Cache), false)
#3 C:\xampp\htdocs\belajar_ujikom\public\index.php(37): CodeIgniter\CodeIgniter->run()
#4 C:\xampp\htdocs\belajar_ujikom\system\Commands\Server\rewrite.php(45): require_once('C:\\xampp\\htdocs...')
#5 {main}
CRITICAL - 2021-07-04 12:11:52 --> jrs_edit is not a validation rules group.
#0 C:\xampp\htdocs\belajar_ujikom\system\Validation\Validation.php(601): CodeIgniter\Validation\Exceptions\ValidationException::forGroupNotFound('jrs_edit')
#1 C:\xampp\htdocs\belajar_ujikom\system\Validation\Validation.php(119): CodeIgniter\Validation\Validation->loadRuleGroup('jrs_edit')
#2 C:\xampp\htdocs\belajar_ujikom\app\Controllers\Jurusan.php(78): CodeIgniter\Validation\Validation->run(Array, 'jrs_edit')
#3 C:\xampp\htdocs\belajar_ujikom\system\CodeIgniter.php(928): App\Controllers\Jurusan->update('4')
#4 C:\xampp\htdocs\belajar_ujikom\system\CodeIgniter.php(436): CodeIgniter\CodeIgniter->runController(Object(App\Controllers\Jurusan))
#5 C:\xampp\htdocs\belajar_ujikom\system\CodeIgniter.php(336): CodeIgniter\CodeIgniter->handleRequest(NULL, Object(Config\Cache), false)
#6 C:\xampp\htdocs\belajar_ujikom\public\index.php(37): CodeIgniter\CodeIgniter->run()
#7 C:\xampp\htdocs\belajar_ujikom\system\Commands\Server\rewrite.php(45): require_once('C:\\xampp\\htdocs...')
#8 {main}
ERROR - 2021-07-04 12:14:46 --> Duplicate entry 'j04' for key 'PRIMARY'
CRITICAL - 2021-07-04 12:14:46 --> Duplicate entry 'j04' for key 'PRIMARY'
#0 C:\xampp\htdocs\belajar_ujikom\system\Database\MySQLi\Connection.php(329): mysqli->query('UPDATE `tb_juru...')
#1 C:\xampp\htdocs\belajar_ujikom\system\Database\BaseConnection.php(732): CodeIgniter\Database\MySQLi\Connection->execute('UPDATE `tb_juru...')
#2 C:\xampp\htdocs\belajar_ujikom\system\Database\BaseConnection.php(647): CodeIgniter\Database\BaseConnection->simpleQuery('UPDATE `tb_juru...')
#3 C:\xampp\htdocs\belajar_ujikom\system\Database\BaseBuilder.php(2482): CodeIgniter\Database\BaseConnection->query('UPDATE `tb_juru...', Array, false)
#4 C:\xampp\htdocs\belajar_ujikom\system\Model.php(326): CodeIgniter\Database\BaseBuilder->update()
#5 C:\xampp\htdocs\belajar_ujikom\system\BaseModel.php(917): CodeIgniter\Model->doUpdate(NULL, Array)
#6 C:\xampp\htdocs\belajar_ujikom\system\Model.php(718): CodeIgniter\BaseModel->update(NULL, Array)
#7 C:\xampp\htdocs\belajar_ujikom\app\Controllers\Jurusan.php(82): CodeIgniter\Model->update(NULL, Array)
#8 C:\xampp\htdocs\belajar_ujikom\system\CodeIgniter.php(928): App\Controllers\Jurusan->update('4')
#9 C:\xampp\htdocs\belajar_ujikom\system\CodeIgniter.php(436): CodeIgniter\CodeIgniter->runController(Object(App\Controllers\Jurusan))
#10 C:\xampp\htdocs\belajar_ujikom\system\CodeIgniter.php(336): CodeIgniter\CodeIgniter->handleRequest(NULL, Object(Config\Cache), false)
#11 C:\xampp\htdocs\belajar_ujikom\public\index.php(37): CodeIgniter\CodeIgniter->run()
#12 C:\xampp\htdocs\belajar_ujikom\system\Commands\Server\rewrite.php(45): require_once('C:\\xampp\\htdocs...')
#13 {main}
ERROR - 2021-07-04 12:17:24 --> Duplicate entry 'j04' for key 'PRIMARY'
CRITICAL - 2021-07-04 12:17:24 --> Duplicate entry 'j04' for key 'PRIMARY'
#0 C:\xampp\htdocs\belajar_ujikom\system\Database\MySQLi\Connection.php(329): mysqli->query('UPDATE `tb_juru...')
#1 C:\xampp\htdocs\belajar_ujikom\system\Database\BaseConnection.php(732): CodeIgniter\Database\MySQLi\Connection->execute('UPDATE `tb_juru...')
#2 C:\xampp\htdocs\belajar_ujikom\system\Database\BaseConnection.php(647): CodeIgniter\Database\BaseConnection->simpleQuery('UPDATE `tb_juru...')
#3 C:\xampp\htdocs\belajar_ujikom\system\Database\BaseBuilder.php(2482): CodeIgniter\Database\BaseConnection->query('UPDATE `tb_juru...', Array, false)
#4 C:\xampp\htdocs\belajar_ujikom\system\Model.php(326): CodeIgniter\Database\BaseBuilder->update()
#5 C:\xampp\htdocs\belajar_ujikom\system\BaseModel.php(917): CodeIgniter\Model->doUpdate(NULL, Array)
#6 C:\xampp\htdocs\belajar_ujikom\system\Model.php(718): CodeIgniter\BaseModel->update(NULL, Array)
#7 C:\xampp\htdocs\belajar_ujikom\app\Controllers\Jurusan.php(82): CodeIgniter\Model->update(NULL, Array)
#8 C:\xampp\htdocs\belajar_ujikom\system\CodeIgniter.php(928): App\Controllers\Jurusan->update('4')
#9 C:\xampp\htdocs\belajar_ujikom\system\CodeIgniter.php(436): CodeIgniter\CodeIgniter->runController(Object(App\Controllers\Jurusan))
#10 C:\xampp\htdocs\belajar_ujikom\system\CodeIgniter.php(336): CodeIgniter\CodeIgniter->handleRequest(NULL, Object(Config\Cache), false)
#11 C:\xampp\htdocs\belajar_ujikom\public\index.php(37): CodeIgniter\CodeIgniter->run()
#12 C:\xampp\htdocs\belajar_ujikom\system\Commands\Server\rewrite.php(45): require_once('C:\\xampp\\htdocs...')
#13 {main}
