CRITICAL - 2021-07-05 10:45:18 --> Call to undefined method App\Controllers\Mahasiswa::getMhs()
#0 C:\xampp\htdocs\belajar_ujikom\system\CodeIgniter.php(928): App\Controllers\Mahasiswa->index()
#1 C:\xampp\htdocs\belajar_ujikom\system\CodeIgniter.php(436): CodeIgniter\CodeIgniter->runController(Object(App\Controllers\Mahasiswa))
#2 C:\xampp\htdocs\belajar_ujikom\system\CodeIgniter.php(336): CodeIgniter\CodeIgniter->handleRequest(NULL, Object(Config\Cache), false)
#3 C:\xampp\htdocs\belajar_ujikom\public\index.php(37): CodeIgniter\CodeIgniter->run()
#4 C:\xampp\htdocs\belajar_ujikom\system\Commands\Server\rewrite.php(45): require_once('C:\\xampp\\htdocs...')
#5 {main}
CRITICAL - 2021-07-05 10:46:45 --> Undefined property: App\Controllers\Mahasiswa::$db_mhs
#0 C:\xampp\htdocs\belajar_ujikom\app\Controllers\Mahasiswa.php(23): CodeIgniter\Debug\Exceptions->errorHandler(8, 'Undefined prope...', 'C:\\xampp\\htdocs...', 23, Array)
#1 C:\xampp\htdocs\belajar_ujikom\system\CodeIgniter.php(928): App\Controllers\Mahasiswa->index()
#2 C:\xampp\htdocs\belajar_ujikom\system\CodeIgniter.php(436): CodeIgniter\CodeIgniter->runController(Object(App\Controllers\Mahasiswa))
#3 C:\xampp\htdocs\belajar_ujikom\system\CodeIgniter.php(336): CodeIgniter\CodeIgniter->handleRequest(NULL, Object(Config\Cache), false)
#4 C:\xampp\htdocs\belajar_ujikom\public\index.php(37): CodeIgniter\CodeIgniter->run()
#5 C:\xampp\htdocs\belajar_ujikom\system\Commands\Server\rewrite.php(45): require_once('C:\\xampp\\htdocs...')
#6 {main}
ERROR - 2021-07-05 11:07:28 --> Unknown column 'tb_mahasiswa.kd_jurusan' in 'on clause'
CRITICAL - 2021-07-05 11:07:28 --> Unknown column 'tb_mahasiswa.kd_jurusan' in 'on clause'
#0 C:\xampp\htdocs\belajar_ujikom\system\Database\MySQLi\Connection.php(329): mysqli->query('SELECT *\nFROM `...')
#1 C:\xampp\htdocs\belajar_ujikom\system\Database\BaseConnection.php(732): CodeIgniter\Database\MySQLi\Connection->execute('SELECT *\nFROM `...')
#2 C:\xampp\htdocs\belajar_ujikom\system\Database\BaseConnection.php(647): CodeIgniter\Database\BaseConnection->simpleQuery('SELECT *\nFROM `...')
#3 C:\xampp\htdocs\belajar_ujikom\system\Database\BaseBuilder.php(1881): CodeIgniter\Database\BaseConnection->query('SELECT *\nFROM `...', Array, false)
#4 C:\xampp\htdocs\belajar_ujikom\system\Model.php(800): CodeIgniter\Database\BaseBuilder->get()
#5 C:\xampp\htdocs\belajar_ujikom\app\Models\Mahasiswa_model.php(22): CodeIgniter\Model->__call('get', Array)
#6 C:\xampp\htdocs\belajar_ujikom\app\Controllers\Mahasiswa.php(24): App\Models\Mahasiswa_model->getMhs()
#7 C:\xampp\htdocs\belajar_ujikom\system\CodeIgniter.php(928): App\Controllers\Mahasiswa->index()
#8 C:\xampp\htdocs\belajar_ujikom\system\CodeIgniter.php(436): CodeIgniter\CodeIgniter->runController(Object(App\Controllers\Mahasiswa))
#9 C:\xampp\htdocs\belajar_ujikom\system\CodeIgniter.php(336): CodeIgniter\CodeIgniter->handleRequest(NULL, Object(Config\Cache), false)
#10 C:\xampp\htdocs\belajar_ujikom\public\index.php(37): CodeIgniter\CodeIgniter->run()
#11 C:\xampp\htdocs\belajar_ujikom\system\Commands\Server\rewrite.php(45): require_once('C:\\xampp\\htdocs...')
#12 {main}
CRITICAL - 2021-07-05 13:02:57 --> Allowed fields must be specified for model: App\Models\Mahasiswa_model
#0 C:\xampp\htdocs\belajar_ujikom\system\BaseModel.php(1205): CodeIgniter\Database\Exceptions\DataException::forInvalidAllowedFields('App\\Models\\Maha...')
#1 C:\xampp\htdocs\belajar_ujikom\system\BaseModel.php(890): CodeIgniter\BaseModel->doProtectFields(Array)
#2 C:\xampp\htdocs\belajar_ujikom\system\Model.php(718): CodeIgniter\BaseModel->update(Array, Array)
#3 C:\xampp\htdocs\belajar_ujikom\app\Controllers\Mahasiswa.php(91): CodeIgniter\Model->update('1', Array)
#4 C:\xampp\htdocs\belajar_ujikom\system\CodeIgniter.php(928): App\Controllers\Mahasiswa->update('17TI151')
#5 C:\xampp\htdocs\belajar_ujikom\system\CodeIgniter.php(436): CodeIgniter\CodeIgniter->runController(Object(App\Controllers\Mahasiswa))
#6 C:\xampp\htdocs\belajar_ujikom\system\CodeIgniter.php(336): CodeIgniter\CodeIgniter->handleRequest(NULL, Object(Config\Cache), false)
#7 C:\xampp\htdocs\belajar_ujikom\public\index.php(37): CodeIgniter\CodeIgniter->run()
#8 C:\xampp\htdocs\belajar_ujikom\system\Commands\Server\rewrite.php(45): require_once('C:\\xampp\\htdocs...')
#9 {main}
CRITICAL - 2021-07-05 13:03:32 --> Allowed fields must be specified for model: App\Models\Mahasiswa_model
#0 C:\xampp\htdocs\belajar_ujikom\system\BaseModel.php(1205): CodeIgniter\Database\Exceptions\DataException::forInvalidAllowedFields('App\\Models\\Maha...')
#1 C:\xampp\htdocs\belajar_ujikom\system\BaseModel.php(745): CodeIgniter\BaseModel->doProtectFields(Array)
#2 C:\xampp\htdocs\belajar_ujikom\system\Model.php(686): CodeIgniter\BaseModel->insert(Array, false)
#3 C:\xampp\htdocs\belajar_ujikom\system\BaseModel.php(687): CodeIgniter\Model->insert(Array, false)
#4 C:\xampp\htdocs\belajar_ujikom\app\Controllers\Mahasiswa.php(55): CodeIgniter\BaseModel->save(Array)
#5 C:\xampp\htdocs\belajar_ujikom\system\CodeIgniter.php(928): App\Controllers\Mahasiswa->simpan()
#6 C:\xampp\htdocs\belajar_ujikom\system\CodeIgniter.php(436): CodeIgniter\CodeIgniter->runController(Object(App\Controllers\Mahasiswa))
#7 C:\xampp\htdocs\belajar_ujikom\system\CodeIgniter.php(336): CodeIgniter\CodeIgniter->handleRequest(NULL, Object(Config\Cache), false)
#8 C:\xampp\htdocs\belajar_ujikom\public\index.php(37): CodeIgniter\CodeIgniter->run()
#9 C:\xampp\htdocs\belajar_ujikom\system\Commands\Server\rewrite.php(45): require_once('C:\\xampp\\htdocs...')
#10 {main}
CRITICAL - 2021-07-05 13:06:57 --> Trying to get property 'kd_jurusan' of non-object
#0 C:\xampp\htdocs\belajar_ujikom\app\Views\v_tambah.php(44): CodeIgniter\Debug\Exceptions->errorHandler(8, 'Trying to get p...', 'C:\\xampp\\htdocs...', 44, Array)
#1 C:\xampp\htdocs\belajar_ujikom\system\View\View.php(230): include('C:\\xampp\\htdocs...')
#2 C:\xampp\htdocs\belajar_ujikom\system\View\View.php(232): CodeIgniter\View\View->CodeIgniter\View\{closure}()
#3 C:\xampp\htdocs\belajar_ujikom\system\Common.php(1271): CodeIgniter\View\View->render('v_tambah', Array, true)
#4 C:\xampp\htdocs\belajar_ujikom\app\Controllers\Mahasiswa.php(36): view('v_tambah', Array)
#5 C:\xampp\htdocs\belajar_ujikom\system\CodeIgniter.php(928): App\Controllers\Mahasiswa->tambah()
#6 C:\xampp\htdocs\belajar_ujikom\system\CodeIgniter.php(436): CodeIgniter\CodeIgniter->runController(Object(App\Controllers\Mahasiswa))
#7 C:\xampp\htdocs\belajar_ujikom\system\CodeIgniter.php(336): CodeIgniter\CodeIgniter->handleRequest(NULL, Object(Config\Cache), false)
#8 C:\xampp\htdocs\belajar_ujikom\public\index.php(37): CodeIgniter\CodeIgniter->run()
#9 C:\xampp\htdocs\belajar_ujikom\system\Commands\Server\rewrite.php(45): require_once('C:\\xampp\\htdocs...')
#10 {main}
CRITICAL - 2021-07-05 13:07:44 --> Trying to get property 'kd_jurusan' of non-object
#0 C:\xampp\htdocs\belajar_ujikom\app\Views\v_tambah.php(44): CodeIgniter\Debug\Exceptions->errorHandler(8, 'Trying to get p...', 'C:\\xampp\\htdocs...', 44, Array)
#1 C:\xampp\htdocs\belajar_ujikom\system\View\View.php(230): include('C:\\xampp\\htdocs...')
#2 C:\xampp\htdocs\belajar_ujikom\system\View\View.php(232): CodeIgniter\View\View->CodeIgniter\View\{closure}()
#3 C:\xampp\htdocs\belajar_ujikom\system\Common.php(1271): CodeIgniter\View\View->render('v_tambah', Array, true)
#4 C:\xampp\htdocs\belajar_ujikom\app\Controllers\Mahasiswa.php(36): view('v_tambah', Array)
#5 C:\xampp\htdocs\belajar_ujikom\system\CodeIgniter.php(928): App\Controllers\Mahasiswa->tambah()
#6 C:\xampp\htdocs\belajar_ujikom\system\CodeIgniter.php(436): CodeIgniter\CodeIgniter->runController(Object(App\Controllers\Mahasiswa))
#7 C:\xampp\htdocs\belajar_ujikom\system\CodeIgniter.php(336): CodeIgniter\CodeIgniter->handleRequest(NULL, Object(Config\Cache), false)
#8 C:\xampp\htdocs\belajar_ujikom\public\index.php(37): CodeIgniter\CodeIgniter->run()
#9 C:\xampp\htdocs\belajar_ujikom\system\Commands\Server\rewrite.php(45): require_once('C:\\xampp\\htdocs...')
#10 {main}
CRITICAL - 2021-07-05 13:08:29 --> Trying to get property 'kd_jurusan' of non-object
#0 C:\xampp\htdocs\belajar_ujikom\app\Views\v_tambah.php(44): CodeIgniter\Debug\Exceptions->errorHandler(8, 'Trying to get p...', 'C:\\xampp\\htdocs...', 44, Array)
#1 C:\xampp\htdocs\belajar_ujikom\system\View\View.php(230): include('C:\\xampp\\htdocs...')
#2 C:\xampp\htdocs\belajar_ujikom\system\View\View.php(232): CodeIgniter\View\View->CodeIgniter\View\{closure}()
#3 C:\xampp\htdocs\belajar_ujikom\system\Common.php(1271): CodeIgniter\View\View->render('v_tambah', Array, true)
#4 C:\xampp\htdocs\belajar_ujikom\app\Controllers\Mahasiswa.php(36): view('v_tambah', Array)
#5 C:\xampp\htdocs\belajar_ujikom\system\CodeIgniter.php(928): App\Controllers\Mahasiswa->tambah()
#6 C:\xampp\htdocs\belajar_ujikom\system\CodeIgniter.php(436): CodeIgniter\CodeIgniter->runController(Object(App\Controllers\Mahasiswa))
#7 C:\xampp\htdocs\belajar_ujikom\system\CodeIgniter.php(336): CodeIgniter\CodeIgniter->handleRequest(NULL, Object(Config\Cache), false)
#8 C:\xampp\htdocs\belajar_ujikom\public\index.php(37): CodeIgniter\CodeIgniter->run()
#9 C:\xampp\htdocs\belajar_ujikom\system\Commands\Server\rewrite.php(45): require_once('C:\\xampp\\htdocs...')
#10 {main}
CRITICAL - 2021-07-05 13:08:30 --> Trying to get property 'kd_jurusan' of non-object
#0 C:\xampp\htdocs\belajar_ujikom\app\Views\v_tambah.php(44): CodeIgniter\Debug\Exceptions->errorHandler(8, 'Trying to get p...', 'C:\\xampp\\htdocs...', 44, Array)
#1 C:\xampp\htdocs\belajar_ujikom\system\View\View.php(230): include('C:\\xampp\\htdocs...')
#2 C:\xampp\htdocs\belajar_ujikom\system\View\View.php(232): CodeIgniter\View\View->CodeIgniter\View\{closure}()
#3 C:\xampp\htdocs\belajar_ujikom\system\Common.php(1271): CodeIgniter\View\View->render('v_tambah', Array, true)
#4 C:\xampp\htdocs\belajar_ujikom\app\Controllers\Mahasiswa.php(36): view('v_tambah', Array)
#5 C:\xampp\htdocs\belajar_ujikom\system\CodeIgniter.php(928): App\Controllers\Mahasiswa->tambah()
#6 C:\xampp\htdocs\belajar_ujikom\system\CodeIgniter.php(436): CodeIgniter\CodeIgniter->runController(Object(App\Controllers\Mahasiswa))
#7 C:\xampp\htdocs\belajar_ujikom\system\CodeIgniter.php(336): CodeIgniter\CodeIgniter->handleRequest(NULL, Object(Config\Cache), false)
#8 C:\xampp\htdocs\belajar_ujikom\public\index.php(37): CodeIgniter\CodeIgniter->run()
#9 C:\xampp\htdocs\belajar_ujikom\system\Commands\Server\rewrite.php(45): require_once('C:\\xampp\\htdocs...')
#10 {main}
CRITICAL - 2021-07-05 13:09:09 --> Trying to get property 'kd_jurusan' of non-object
#0 C:\xampp\htdocs\belajar_ujikom\app\Views\v_tambah.php(44): CodeIgniter\Debug\Exceptions->errorHandler(8, 'Trying to get p...', 'C:\\xampp\\htdocs...', 44, Array)
#1 C:\xampp\htdocs\belajar_ujikom\system\View\View.php(230): include('C:\\xampp\\htdocs...')
#2 C:\xampp\htdocs\belajar_ujikom\system\View\View.php(232): CodeIgniter\View\View->CodeIgniter\View\{closure}()
#3 C:\xampp\htdocs\belajar_ujikom\system\Common.php(1271): CodeIgniter\View\View->render('v_tambah', Array, true)
#4 C:\xampp\htdocs\belajar_ujikom\app\Controllers\Mahasiswa.php(36): view('v_tambah', Array)
#5 C:\xampp\htdocs\belajar_ujikom\system\CodeIgniter.php(928): App\Controllers\Mahasiswa->tambah()
#6 C:\xampp\htdocs\belajar_ujikom\system\CodeIgniter.php(436): CodeIgniter\CodeIgniter->runController(Object(App\Controllers\Mahasiswa))
#7 C:\xampp\htdocs\belajar_ujikom\system\CodeIgniter.php(336): CodeIgniter\CodeIgniter->handleRequest(NULL, Object(Config\Cache), false)
#8 C:\xampp\htdocs\belajar_ujikom\public\index.php(37): CodeIgniter\CodeIgniter->run()
#9 C:\xampp\htdocs\belajar_ujikom\system\Commands\Server\rewrite.php(45): require_once('C:\\xampp\\htdocs...')
#10 {main}
CRITICAL - 2021-07-05 13:14:13 --> Trying to get property 'kd_jurusan' of non-object
#0 C:\xampp\htdocs\belajar_ujikom\app\Views\v_tambah.php(44): CodeIgniter\Debug\Exceptions->errorHandler(8, 'Trying to get p...', 'C:\\xampp\\htdocs...', 44, Array)
#1 C:\xampp\htdocs\belajar_ujikom\system\View\View.php(230): include('C:\\xampp\\htdocs...')
#2 C:\xampp\htdocs\belajar_ujikom\system\View\View.php(232): CodeIgniter\View\View->CodeIgniter\View\{closure}()
#3 C:\xampp\htdocs\belajar_ujikom\system\Common.php(1271): CodeIgniter\View\View->render('v_tambah', Array, true)
#4 C:\xampp\htdocs\belajar_ujikom\app\Controllers\Mahasiswa.php(36): view('v_tambah', Array)
#5 C:\xampp\htdocs\belajar_ujikom\system\CodeIgniter.php(928): App\Controllers\Mahasiswa->tambah()
#6 C:\xampp\htdocs\belajar_ujikom\system\CodeIgniter.php(436): CodeIgniter\CodeIgniter->runController(Object(App\Controllers\Mahasiswa))
#7 C:\xampp\htdocs\belajar_ujikom\system\CodeIgniter.php(336): CodeIgniter\CodeIgniter->handleRequest(NULL, Object(Config\Cache), false)
#8 C:\xampp\htdocs\belajar_ujikom\public\index.php(37): CodeIgniter\CodeIgniter->run()
#9 C:\xampp\htdocs\belajar_ujikom\system\Commands\Server\rewrite.php(45): require_once('C:\\xampp\\htdocs...')
#10 {main}
CRITICAL - 2021-07-05 13:14:50 --> Trying to get property 'nama_jurusan' of non-object
#0 C:\xampp\htdocs\belajar_ujikom\app\Views\v_tambah.php(44): CodeIgniter\Debug\Exceptions->errorHandler(8, 'Trying to get p...', 'C:\\xampp\\htdocs...', 44, Array)
#1 C:\xampp\htdocs\belajar_ujikom\system\View\View.php(230): include('C:\\xampp\\htdocs...')
#2 C:\xampp\htdocs\belajar_ujikom\system\View\View.php(232): CodeIgniter\View\View->CodeIgniter\View\{closure}()
#3 C:\xampp\htdocs\belajar_ujikom\system\Common.php(1271): CodeIgniter\View\View->render('v_tambah', Array, true)
#4 C:\xampp\htdocs\belajar_ujikom\app\Controllers\Mahasiswa.php(36): view('v_tambah', Array)
#5 C:\xampp\htdocs\belajar_ujikom\system\CodeIgniter.php(928): App\Controllers\Mahasiswa->tambah()
#6 C:\xampp\htdocs\belajar_ujikom\system\CodeIgniter.php(436): CodeIgniter\CodeIgniter->runController(Object(App\Controllers\Mahasiswa))
#7 C:\xampp\htdocs\belajar_ujikom\system\CodeIgniter.php(336): CodeIgniter\CodeIgniter->handleRequest(NULL, Object(Config\Cache), false)
#8 C:\xampp\htdocs\belajar_ujikom\public\index.php(37): CodeIgniter\CodeIgniter->run()
#9 C:\xampp\htdocs\belajar_ujikom\system\Commands\Server\rewrite.php(45): require_once('C:\\xampp\\htdocs...')
#10 {main}
